---------------------------------------------------------------
[2021-06-10T00:22:36+08:00] 49.87.53.229 GET www.kaoersi.com/video.html
[ error ] [2]DOMDocument::loadHTML(): htmlParseEntityRef: no name in Entity, line: 10
[ error ] [2]DOMDocument::loadHTML(): htmlParseEntityRef: no name in Entity, line: 16
[ error ] [2]DOMDocument::loadHTML(): htmlParseEntityRef: no name in Entity, line: 19
---------------------------------------------------------------
[2021-06-10T01:03:42+08:00] 101.201.35.119 POST www.kaoersi.com/news/2016/gou.php
[ error ] [8]Trying to get property of non-object
---------------------------------------------------------------
[2021-06-10T01:32:48+08:00] 42.236.10.104 GET www.kaoersi.com/sitemap/sitemap12.xml
[ error ] [8]未定义数组索引: type
---------------------------------------------------------------
[2021-06-10T01:32:48+08:00] 42.236.10.100 GET www.kaoersi.com/sitemap/sitemap13.xml
[ error ] [8]未定义数组索引: type
---------------------------------------------------------------
[2021-06-10T01:32:48+08:00] 42.236.10.123 GET www.kaoersi.com/sitemap/sitemap14.xml
[ error ] [8]未定义数组索引: type
---------------------------------------------------------------
[2021-06-10T02:50:55+08:00] 31.14.251.151 GET www.kaoersi.com/video.html
[ error ] [2]DOMDocument::loadHTML(): htmlParseEntityRef: no name in Entity, line: 10
[ error ] [2]DOMDocument::loadHTML(): htmlParseEntityRef: no name in Entity, line: 16
[ error ] [2]DOMDocument::loadHTML(): htmlParseEntityRef: no name in Entity, line: 19
---------------------------------------------------------------
[2021-06-10T03:50:26+08:00] 203.208.60.38 GET www.kaoersi.com/sitemap/sitemap13.xml
[ error ] [8]未定义数组索引: type
---------------------------------------------------------------
[2021-06-10T06:09:09+08:00] 42.236.10.108 GET www.kaoersi.com/sitemap/sitemap2.xml
[ error ] [8]未定义数组索引: type
---------------------------------------------------------------
[2021-06-10T06:09:13+08:00] 86.133.140.196 GET www.kaoersi.com/video.html
[ error ] [2]DOMDocument::loadHTML(): htmlParseEntityRef: no name in Entity, line: 10
[ error ] [2]DOMDocument::loadHTML(): htmlParseEntityRef: no name in Entity, line: 16
[ error ] [2]DOMDocument::loadHTML(): htmlParseEntityRef: no name in Entity, line: 19
---------------------------------------------------------------
[2021-06-10T09:23:27+08:00] 124.200.103.94 GET www.kaoersi.com/cms/admin_asks/edit/id/1990.html
[ error ] [2]DOMDocument::loadHTML(): error parsing attribute name in Entity, line: 2
[ error ] [2]DOMDocument::loadHTML(): error parsing attribute name in Entity, line: 3
---------------------------------------------------------------
[2021-06-10T09:24:29+08:00] 117.95.183.178 GET www.kaoersi.com/video.html
[ error ] [2]DOMDocument::loadHTML(): htmlParseEntityRef: no name in Entity, line: 10
[ error ] [2]DOMDocument::loadHTML(): htmlParseEntityRef: no name in Entity, line: 16
[ error ] [2]DOMDocument::loadHTML(): htmlParseEntityRef: no name in Entity, line: 19
---------------------------------------------------------------
[2021-06-10T09:24:55+08:00] 124.200.103.94 GET www.kaoersi.com/cms/admin_asks/edit/id/5795.html
[ error ] [2]DOMDocument::loadHTML(): error parsing attribute name in Entity, line: 2
[ error ] [2]DOMDocument::loadHTML(): error parsing attribute name in Entity, line: 2
[ error ] [2]DOMDocument::loadHTML(): error parsing attribute name in Entity, line: 4
[ error ] [2]DOMDocument::loadHTML(): error parsing attribute name in Entity, line: 4
---------------------------------------------------------------
[2021-06-10T09:24:59+08:00] 117.60.203.76 GET www.kaoersi.com/video.html
[ error ] [2]DOMDocument::loadHTML(): htmlParseEntityRef: no name in Entity, line: 10
[ error ] [2]DOMDocument::loadHTML(): htmlParseEntityRef: no name in Entity, line: 16
[ error ] [2]DOMDocument::loadHTML(): htmlParseEntityRef: no name in Entity, line: 19
---------------------------------------------------------------
[2021-06-10T09:25:27+08:00] 124.200.103.94 GET www.kaoersi.com/cms/admin_asks/edit/id/1716.html
[ error ] [2]DOMDocument::loadHTML(): error parsing attribute name in Entity, line: 2
[ error ] [2]DOMDocument::loadHTML(): error parsing attribute name in Entity, line: 2
[ error ] [2]DOMDocument::loadHTML(): error parsing attribute name in Entity, line: 2
[ error ] [2]DOMDocument::loadHTML(): error parsing attribute name in Entity, line: 2
---------------------------------------------------------------
[2021-06-10T09:26:30+08:00] 124.200.103.94 GET www.kaoersi.com/cms/admin_asks/edit/id/6905.html
[ error ] [2]DOMDocument::loadHTML(): error parsing attribute name in Entity, line: 2
[ error ] [2]DOMDocument::loadHTML(): error parsing attribute name in Entity, line: 2
[ error ] [2]DOMDocument::loadHTML(): error parsing attribute name in Entity, line: 2
[ error ] [2]DOMDocument::loadHTML(): error parsing attribute name in Entity, line: 2
[ error ] [2]DOMDocument::loadHTML(): error parsing attribute name in Entity, line: 2
[ error ] [2]DOMDocument::loadHTML(): error parsing attribute name in Entity, line: 2
[ error ] [2]DOMDocument::loadHTML(): error parsing attribute name in Entity, line: 2
[ error ] [2]DOMDocument::loadHTML(): error parsing attribute name in Entity, line: 2
[ error ] [2]DOMDocument::loadHTML(): error parsing attribute name in Entity, line: 2
[ error ] [2]DOMDocument::loadHTML(): error parsing attribute name in Entity, line: 2
[ error ] [2]DOMDocument::loadHTML(): error parsing attribute name in Entity, line: 2
---------------------------------------------------------------
[2021-06-10T09:27:03+08:00] 124.200.103.94 POST www.kaoersi.com/cms/admin_lxzk/editpost.html
[ error ] [2]DOMDocument::loadHTML(): htmlParseEntityRef: no name in Entity, line: 2
---------------------------------------------------------------
[2021-06-10T09:27:39+08:00] 124.200.103.94 POST www.kaoersi.com/cms/admin_lxzk/editpost.html
[ error ] [2]DOMDocument::loadHTML(): htmlParseEntityRef: no name in Entity, line: 2
---------------------------------------------------------------
[2021-06-10T09:28:09+08:00] 124.200.103.94 GET www.kaoersi.com/cms/admin_asks/edit/id/7369.html
[ error ] [2]DOMDocument::loadHTML(): error parsing attribute name in Entity, line: 2
[ error ] [2]DOMDocument::loadHTML(): error parsing attribute name in Entity, line: 2
[ error ] [2]DOMDocument::loadHTML(): error parsing attribute name in Entity, line: 2
[ error ] [2]DOMDocument::loadHTML(): error parsing attribute name in Entity, line: 2
[ error ] [2]DOMDocument::loadHTML(): error parsing attribute name in Entity, line: 2
[ error ] [2]DOMDocument::loadHTML(): error parsing attribute name in Entity, line: 2
[ error ] [2]DOMDocument::loadHTML(): htmlParseEntityRef: expecting ';' in Entity, line: 2
[ error ] [2]DOMDocument::loadHTML(): error parsing attribute name in Entity, line: 2
[ error ] [2]DOMDocument::loadHTML(): error parsing attribute name in Entity, line: 2
[ error ] [2]DOMDocument::loadHTML(): error parsing attribute name in Entity, line: 2
[ error ] [2]DOMDocument::loadHTML(): error parsing attribute name in Entity, line: 2
[ error ] [2]DOMDocument::loadHTML(): error parsing attribute name in Entity, line: 2
---------------------------------------------------------------
[2021-06-10T09:28:27+08:00] 124.200.103.94 GET www.kaoersi.com/cms/admin_asks/edit/id/1202.html
[ error ] [2]DOMDocument::loadHTML(): error parsing attribute name in Entity, line: 2
[ error ] [2]DOMDocument::loadHTML(): error parsing attribute name in Entity, line: 2
[ error ] [2]DOMDocument::loadHTML(): error parsing attribute name in Entity, line: 2
[ error ] [2]DOMDocument::loadHTML(): error parsing attribute name in Entity, line: 2
[ error ] [2]DOMDocument::loadHTML(): error parsing attribute name in Entity, line: 2
[ error ] [2]DOMDocument::loadHTML(): error parsing attribute name in Entity, line: 2
[ error ] [2]DOMDocument::loadHTML(): error parsing attribute name in Entity, line: 4
[ error ] [2]DOMDocument::loadHTML(): error parsing attribute name in Entity, line: 7
[ error ] [2]DOMDocument::loadHTML(): error parsing attribute name in Entity, line: 8
---------------------------------------------------------------
[2021-06-10T09:28:52+08:00] 124.200.103.94 POST www.kaoersi.com/cms/admin_asks/editpost.html
[ error ] [2]DOMDocument::loadHTML(): htmlParseEntityRef: expecting ';' in Entity, line: 2
---------------------------------------------------------------
[2021-06-10T09:30:44+08:00] 124.200.103.94 GET www.kaoersi.com/cms/admin_lxzk/edit/id/9784.html
[ error ] [2]DOMDocument::loadHTML(): htmlParseStartTag: invalid element name in Entity, line: 2
---------------------------------------------------------------
[2021-06-10T09:31:03+08:00] 124.200.103.94 GET www.kaoersi.com/cms/admin_asks/edit/id/6768.html
[ error ] [2]DOMDocument::loadHTML(): error parsing attribute name in Entity, line: 2
[ error ] [2]DOMDocument::loadHTML(): error parsing attribute name in Entity, line: 2
[ error ] [2]DOMDocument::loadHTML(): error parsing attribute name in Entity, line: 2
[ error ] [2]DOMDocument::loadHTML(): error parsing attribute name in Entity, line: 2
[ error ] [2]DOMDocument::loadHTML(): error parsing attribute name in Entity, line: 2
[ error ] [2]DOMDocument::loadHTML(): error parsing attribute name in Entity, line: 2
[ error ] [2]DOMDocument::loadHTML(): error parsing attribute name in Entity, line: 2
[ error ] [2]DOMDocument::loadHTML(): error parsing attribute name in Entity, line: 2
[ error ] [2]DOMDocument::loadHTML(): error parsing attribute name in Entity, line: 2
[ error ] [2]DOMDocument::loadHTML(): error parsing attribute name in Entity, line: 2
[ error ] [2]DOMDocument::loadHTML(): error parsing attribute name in Entity, line: 2
[ error ] [2]DOMDocument::loadHTML(): error parsing attribute name in Entity, line: 2
[ error ] [2]DOMDocument::loadHTML(): error parsing attribute name in Entity, line: 2
[ error ] [2]DOMDocument::loadHTML(): error parsing attribute name in Entity, line: 2
---------------------------------------------------------------
[2021-06-10T09:31:08+08:00] 124.200.103.94 GET www.kaoersi.com/cms/admin_asks/edit/id/7341.html
[ error ] [2]DOMDocument::loadHTML(): error parsing attribute name in Entity, line: 2
[ error ] [2]DOMDocument::loadHTML(): error parsing attribute name in Entity, line: 2
[ error ] [2]DOMDocument::loadHTML(): error parsing attribute name in Entity, line: 2
[ error ] [2]DOMDocument::loadHTML(): error parsing attribute name in Entity, line: 2
[ error ] [2]DOMDocument::loadHTML(): error parsing attribute name in Entity, line: 2
[ error ] [2]DOMDocument::loadHTML(): error parsing attribute name in Entity, line: 2
[ error ] [2]DOMDocument::loadHTML(): error parsing attribute name in Entity, line: 2
[ error ] [2]DOMDocument::loadHTML(): error parsing attribute name in Entity, line: 2
[ error ] [2]DOMDocument::loadHTML(): error parsing attribute name in Entity, line: 2
[ error ] [2]DOMDocument::loadHTML(): error parsing attribute name in Entity, line: 2
[ error ] [2]DOMDocument::loadHTML(): error parsing attribute name in Entity, line: 2
[ error ] [2]DOMDocument::loadHTML(): error parsing attribute name in Entity, line: 2
[ error ] [2]DOMDocument::loadHTML(): error parsing attribute name in Entity, line: 2
[ error ] [2]DOMDocument::loadHTML(): error parsing attribute name in Entity, line: 2
[ error ] [2]DOMDocument::loadHTML(): error parsing attribute name in Entity, line: 2
[ error ] [2]DOMDocument::loadHTML(): error parsing attribute name in Entity, line: 2
[ error ] [2]DOMDocument::loadHTML(): error parsing attribute name in Entity, line: 2
[ error ] [2]DOMDocument::loadHTML(): error parsing attribute name in Entity, line: 2
[ error ] [2]DOMDocument::loadHTML(): error parsing attribute name in Entity, line: 2
[ error ] [2]DOMDocument::loadHTML(): error parsing attribute name in Entity, line: 2
[ error ] [2]DOMDocument::loadHTML(): error parsing attribute name in Entity, line: 2
[ error ] [2]DOMDocument::loadHTML(): error parsing attribute name in Entity, line: 2
[ error ] [2]DOMDocument::loadHTML(): error parsing attribute name in Entity, line: 2
---------------------------------------------------------------
[2021-06-10T09:32:48+08:00] 124.200.103.94 GET www.kaoersi.com/cms/admin_asks/edit/id/1498.html
[ error ] [2]DOMDocument::loadHTML(): error parsing attribute name in Entity, line: 2
[ error ] [2]DOMDocument::loadHTML(): error parsing attribute name in Entity, line: 2
[ error ] [2]DOMDocument::loadHTML(): error parsing attribute name in Entity, line: 2
[ error ] [2]DOMDocument::loadHTML(): error parsing attribute name in Entity, line: 2
[ error ] [2]DOMDocument::loadHTML(): error parsing attribute name in Entity, line: 2
[ error ] [2]DOMDocument::loadHTML(): error parsing attribute name in Entity, line: 2
[ error ] [2]DOMDocument::loadHTML(): error parsing attribute name in Entity, line: 2
[ error ] [2]DOMDocument::loadHTML(): error parsing attribute name in Entity, line: 2
[ error ] [2]DOMDocument::loadHTML(): error parsing attribute name in Entity, line: 2
[ error ] [2]DOMDocument::loadHTML(): error parsing attribute name in Entity, line: 2
[ error ] [2]DOMDocument::loadHTML(): error parsing attribute name in Entity, line: 2
[ error ] [2]DOMDocument::loadHTML(): error parsing attribute name in Entity, line: 2
[ error ] [2]DOMDocument::loadHTML(): error parsing attribute name in Entity, line: 2
[ error ] [2]DOMDocument::loadHTML(): error parsing attribute name in Entity, line: 2
[ error ] [2]DOMDocument::loadHTML(): error parsing attribute name in Entity, line: 2
[ error ] [2]DOMDocument::loadHTML(): error parsing attribute name in Entity, line: 2
[ error ] [2]DOMDocument::loadHTML(): error parsing attribute name in Entity, line: 2
[ error ] [2]DOMDocument::loadHTML(): htmlParseEntityRef: no name in Entity, line: 2
[ error ] [2]DOMDocument::loadHTML(): error parsing attribute name in Entity, line: 3
[ error ] [2]DOMDocument::loadHTML(): error parsing attribute name in Entity, line: 3
[ error ] [2]DOMDocument::loadHTML(): error parsing attribute name in Entity, line: 3
[ error ] [2]DOMDocument::loadHTML(): error parsing attribute name in Entity, line: 3
[ error ] [2]DOMDocument::loadHTML(): error parsing attribute name in Entity, line: 3
[ error ] [2]DOMDocument::loadHTML(): error parsing attribute name in Entity, line: 3
---------------------------------------------------------------
[2021-06-10T09:33:20+08:00] 124.200.103.94 GET www.kaoersi.com/cms/admin_asks/edit/id/1850.html
[ error ] [2]DOMDocument::loadHTML(): error parsing attribute name in Entity, line: 2
[ error ] [2]DOMDocument::loadHTML(): error parsing attribute name in Entity, line: 2
[ error ] [2]DOMDocument::loadHTML(): error parsing attribute name in Entity, line: 2
[ error ] [2]DOMDocument::loadHTML(): error parsing attribute name in Entity, line: 2
[ error ] [2]DOMDocument::loadHTML(): error parsing attribute name in Entity, line: 2
[ error ] [2]DOMDocument::loadHTML(): error parsing attribute name in Entity, line: 2
[ error ] [2]DOMDocument::loadHTML(): error parsing attribute name in Entity, line: 2
[ error ] [2]DOMDocument::loadHTML(): error parsing attribute name in Entity, line: 2
[ error ] [2]DOMDocument::loadHTML(): error parsing attribute name in Entity, line: 2
[ error ] [2]DOMDocument::loadHTML(): error parsing attribute name in Entity, line: 2
[ error ] [2]DOMDocument::loadHTML(): error parsing attribute name in Entity, line: 2
[ error ] [2]DOMDocument::loadHTML(): error parsing attribute name in Entity, line: 2
[ error ] [2]DOMDocument::loadHTML(): error parsing attribute name in Entity, line: 2
[ error ] [2]DOMDocument::loadHTML(): error parsing attribute name in Entity, line: 2
[ error ] [2]DOMDocument::loadHTML(): error parsing attribute name in Entity, line: 2
[ error ] [2]DOMDocument::loadHTML(): error parsing attribute name in Entity, line: 2
[ error ] [2]DOMDocument::loadHTML(): error parsing attribute name in Entity, line: 2
[ error ] [2]DOMDocument::loadHTML(): error parsing attribute name in Entity, line: 2
[ error ] [2]DOMDocument::loadHTML(): error parsing attribute name in Entity, line: 2
[ error ] [2]DOMDocument::loadHTML(): error parsing attribute name in Entity, line: 2
[ error ] [2]DOMDocument::loadHTML(): error parsing attribute name in Entity, line: 2
[ error ] [2]DOMDocument::loadHTML(): error parsing attribute name in Entity, line: 2
[ error ] [2]DOMDocument::loadHTML(): error parsing attribute name in Entity, line: 2
[ error ] [2]DOMDocument::loadHTML(): error parsing attribute name in Entity, line: 2
[ error ] [2]DOMDocument::loadHTML(): error parsing attribute name in Entity, line: 2
[ error ] [2]DOMDocument::loadHTML(): error parsing attribute name in Entity, line: 2
[ error ] [2]DOMDocument::loadHTML(): error parsing attribute name in Entity, line: 2
[ error ] [2]DOMDocument::loadHTML(): error parsing attribute name in Entity, line: 2
[ error ] [2]DOMDocument::loadHTML(): error parsing attribute name in Entity, line: 2
[ error ] [2]DOMDocument::loadHTML(): error parsing attribute name in Entity, line: 2
[ error ] [2]DOMDocument::loadHTML(): error parsing attribute name in Entity, line: 2
[ error ] [2]DOMDocument::loadHTML(): error parsing attribute name in Entity, line: 2
[ error ] [2]DOMDocument::loadHTML(): error parsing attribute name in Entity, line: 2
[ error ] [2]DOMDocument::loadHTML(): error parsing attribute name in Entity, line: 2
[ error ] [2]DOMDocument::loadHTML(): error parsing attribute name in Entity, line: 2
[ error ] [2]DOMDocument::loadHTML(): error parsing attribute name in Entity, line: 2
[ error ] [2]DOMDocument::loadHTML(): error parsing attribute name in Entity, line: 2
[ error ] [2]DOMDocument::loadHTML(): error parsing attribute name in Entity, line: 2
---------------------------------------------------------------
[2021-06-10T09:33:47+08:00] 124.200.103.94 GET www.kaoersi.com/cms/admin_asks/edit/id/2152.html
[ error ] [2]DOMDocument::loadHTML(): error parsing attribute name in Entity, line: 2
[ error ] [2]DOMDocument::loadHTML(): error parsing attribute name in Entity, line: 2
[ error ] [2]DOMDocument::loadHTML(): error parsing attribute name in Entity, line: 2
[ error ] [2]DOMDocument::loadHTML(): error parsing attribute name in Entity, line: 2
[ error ] [2]DOMDocument::loadHTML(): error parsing attribute name in Entity, line: 2
[ error ] [2]DOMDocument::loadHTML(): error parsing attribute name in Entity, line: 2
[ error ] [2]DOMDocument::loadHTML(): error parsing attribute name in Entity, line: 2
[ error ] [2]DOMDocument::loadHTML(): error parsing attribute name in Entity, line: 2
[ error ] [2]DOMDocument::loadHTML(): error parsing attribute name in Entity, line: 2
[ error ] [2]DOMDocument::loadHTML(): error parsing attribute name in Entity, line: 2
[ error ] [2]DOMDocument::loadHTML(): error parsing attribute name in Entity, line: 2
---------------------------------------------------------------
[2021-06-10T09:34:29+08:00] 124.200.103.94 GET www.kaoersi.com/cms/admin_asks/edit/id/4400.html
[ error ] [2]DOMDocument::loadHTML(): error parsing attribute name in Entity, line: 2
[ error ] [2]DOMDocument::loadHTML(): error parsing attribute name in Entity, line: 2
[ error ] [2]DOMDocument::loadHTML(): error parsing attribute name in Entity, line: 2
[ error ] [2]DOMDocument::loadHTML(): error parsing attribute name in Entity, line: 2
[ error ] [2]DOMDocument::loadHTML(): error parsing attribute name in Entity, line: 2
[ error ] [2]DOMDocument::loadHTML(): error parsing attribute name in Entity, line: 2
[ error ] [2]DOMDocument::loadHTML(): error parsing attribute name in Entity, line: 2
[ error ] [2]DOMDocument::loadHTML(): error parsing attribute name in Entity, line: 2
[ error ] [2]DOMDocument::loadHTML(): error parsing attribute name in Entity, line: 2
[ error ] [2]DOMDocument::loadHTML(): error parsing attribute name in Entity, line: 2
[ error ] [2]DOMDocument::loadHTML(): error parsing attribute name in Entity, line: 2
---------------------------------------------------------------
[2021-06-10T09:35:52+08:00] 124.200.103.94 GET www.kaoersi.com/cms/admin_asks/edit/id/7668.html
[ error ] [2]DOMDocument::loadHTML(): error parsing attribute name in Entity, line: 2
[ error ] [2]DOMDocument::loadHTML(): error parsing attribute name in Entity, line: 2
[ error ] [2]DOMDocument::loadHTML(): error parsing attribute name in Entity, line: 2
[ error ] [2]DOMDocument::loadHTML(): error parsing attribute name in Entity, line: 2
[ error ] [2]DOMDocument::loadHTML(): error parsing attribute name in Entity, line: 2
[ error ] [2]DOMDocument::loadHTML(): error parsing attribute name in Entity, line: 2
[ error ] [2]DOMDocument::loadHTML(): error parsing attribute name in Entity, line: 2
[ error ] [2]DOMDocument::loadHTML(): error parsing attribute name in Entity, line: 2
[ error ] [2]DOMDocument::loadHTML(): error parsing attribute name in Entity, line: 2
[ error ] [2]DOMDocument::loadHTML(): error parsing attribute name in Entity, line: 2
[ error ] [2]DOMDocument::loadHTML(): error parsing attribute name in Entity, line: 2
[ error ] [2]DOMDocument::loadHTML(): error parsing attribute name in Entity, line: 2
[ error ] [2]DOMDocument::loadHTML(): error parsing attribute name in Entity, line: 2
[ error ] [2]DOMDocument::loadHTML(): error parsing attribute name in Entity, line: 2
[ error ] [2]DOMDocument::loadHTML(): error parsing attribute name in Entity, line: 2
[ error ] [2]DOMDocument::loadHTML(): error parsing attribute name in Entity, line: 2
[ error ] [2]DOMDocument::loadHTML(): error parsing attribute name in Entity, line: 2
---------------------------------------------------------------
[2021-06-10T09:36:19+08:00] 124.200.103.94 GET www.kaoersi.com/cms/admin_asks/edit/id/4882.html
[ error ] [2]DOMDocument::loadHTML(): error parsing attribute name in Entity, line: 2
[ error ] [2]DOMDocument::loadHTML(): error parsing attribute name in Entity, line: 2
[ error ] [2]DOMDocument::loadHTML(): error parsing attribute name in Entity, line: 2
[ error ] [2]DOMDocument::loadHTML(): error parsing attribute name in Entity, line: 2
[ error ] [2]DOMDocument::loadHTML(): error parsing attribute name in Entity, line: 2
[ error ] [2]DOMDocument::loadHTML(): error parsing attribute name in Entity, line: 2
[ error ] [2]DOMDocument::loadHTML(): error parsing attribute name in Entity, line: 2
[ error ] [2]DOMDocument::loadHTML(): error parsing attribute name in Entity, line: 2
[ error ] [2]DOMDocument::loadHTML(): error parsing attribute name in Entity, line: 2
[ error ] [2]DOMDocument::loadHTML(): error parsing attribute name in Entity, line: 2
[ error ] [2]DOMDocument::loadHTML(): error parsing attribute name in Entity, line: 2
[ error ] [2]DOMDocument::loadHTML(): error parsing attribute name in Entity, line: 2
[ error ] [2]DOMDocument::loadHTML(): error parsing attribute name in Entity, line: 2
[ error ] [2]DOMDocument::loadHTML(): error parsing attribute name in Entity, line: 2
[ error ] [2]DOMDocument::loadHTML(): error parsing attribute name in Entity, line: 2
[ error ] [2]DOMDocument::loadHTML(): error parsing attribute name in Entity, line: 2
[ error ] [2]DOMDocument::loadHTML(): error parsing attribute name in Entity, line: 2
[ error ] [2]DOMDocument::loadHTML(): error parsing attribute name in Entity, line: 2
---------------------------------------------------------------
[2021-06-10T09:38:10+08:00] 124.200.103.94 GET www.kaoersi.com/cms/admin_asks/edit/id/2321.html
[ error ] [2]DOMDocument::loadHTML(): error parsing attribute name in Entity, line: 2
---------------------------------------------------------------
[2021-06-10T09:40:43+08:00] 124.200.103.94 GET www.kaoersi.com/cms/admin_asks/edit/id/1192.html
[ error ] [2]DOMDocument::loadHTML(): error parsing attribute name in Entity, line: 2
[ error ] [2]DOMDocument::loadHTML(): error parsing attribute name in Entity, line: 2
[ error ] [2]DOMDocument::loadHTML(): error parsing attribute name in Entity, line: 3
[ error ] [2]DOMDocument::loadHTML(): error parsing attribute name in Entity, line: 3
[ error ] [2]DOMDocument::loadHTML(): error parsing attribute name in Entity, line: 3
---------------------------------------------------------------
[2021-06-10T09:41:13+08:00] 124.200.103.94 GET www.kaoersi.com/cms/admin_asks/edit/id/3870.html
[ error ] [2]DOMDocument::loadHTML(): error parsing attribute name in Entity, line: 2
[ error ] [2]DOMDocument::loadHTML(): error parsing attribute name in Entity, line: 2
[ error ] [2]DOMDocument::loadHTML(): error parsing attribute name in Entity, line: 3
[ error ] [2]DOMDocument::loadHTML(): error parsing attribute name in Entity, line: 3
---------------------------------------------------------------
[2021-06-10T09:41:51+08:00] 124.200.103.94 GET www.kaoersi.com/cms/admin_asks/edit/id/6010.html
[ error ] [2]DOMDocument::loadHTML(): error parsing attribute name in Entity, line: 2
[ error ] [2]DOMDocument::loadHTML(): error parsing attribute name in Entity, line: 2
[ error ] [2]DOMDocument::loadHTML(): error parsing attribute name in Entity, line: 2
[ error ] [2]DOMDocument::loadHTML(): error parsing attribute name in Entity, line: 2
[ error ] [2]DOMDocument::loadHTML(): error parsing attribute name in Entity, line: 2
[ error ] [2]DOMDocument::loadHTML(): error parsing attribute name in Entity, line: 2
[ error ] [2]DOMDocument::loadHTML(): error parsing attribute name in Entity, line: 2
[ error ] [2]DOMDocument::loadHTML(): error parsing attribute name in Entity, line: 3
[ error ] [2]DOMDocument::loadHTML(): error parsing attribute name in Entity, line: 4
---------------------------------------------------------------
[2021-06-10T09:41:57+08:00] 124.200.103.94 GET www.kaoersi.com/cms/admin_asks/edit/id/6020.html
[ error ] [2]DOMDocument::loadHTML(): error parsing attribute name in Entity, line: 2
[ error ] [2]DOMDocument::loadHTML(): error parsing attribute name in Entity, line: 2
[ error ] [2]DOMDocument::loadHTML(): error parsing attribute name in Entity, line: 2
[ error ] [2]DOMDocument::loadHTML(): error parsing attribute name in Entity, line: 2
[ error ] [2]DOMDocument::loadHTML(): error parsing attribute name in Entity, line: 2
[ error ] [2]DOMDocument::loadHTML(): error parsing attribute name in Entity, line: 2
[ error ] [2]DOMDocument::loadHTML(): error parsing attribute name in Entity, line: 2
[ error ] [2]DOMDocument::loadHTML(): error parsing attribute name in Entity, line: 2
[ error ] [2]DOMDocument::loadHTML(): error parsing attribute name in Entity, line: 2
[ error ] [2]DOMDocument::loadHTML(): error parsing attribute name in Entity, line: 2
[ error ] [2]DOMDocument::loadHTML(): error parsing attribute name in Entity, line: 2
[ error ] [2]DOMDocument::loadHTML(): error parsing attribute name in Entity, line: 2
[ error ] [2]DOMDocument::loadHTML(): error parsing attribute name in Entity, line: 2
[ error ] [2]DOMDocument::loadHTML(): error parsing attribute name in Entity, line: 2
[ error ] [2]DOMDocument::loadHTML(): error parsing attribute name in Entity, line: 2
[ error ] [2]DOMDocument::loadHTML(): error parsing attribute name in Entity, line: 2
[ error ] [2]DOMDocument::loadHTML(): error parsing attribute name in Entity, line: 2
[ error ] [2]DOMDocument::loadHTML(): error parsing attribute name in Entity, line: 2
---------------------------------------------------------------
[2021-06-10T09:41:58+08:00] 124.200.103.94 GET www.kaoersi.com/cms/admin_asks/edit/id/6020.html
[ error ] [2]DOMDocument::loadHTML(): error parsing attribute name in Entity, line: 2
[ error ] [2]DOMDocument::loadHTML(): error parsing attribute name in Entity, line: 2
[ error ] [2]DOMDocument::loadHTML(): error parsing attribute name in Entity, line: 2
[ error ] [2]DOMDocument::loadHTML(): error parsing attribute name in Entity, line: 2
[ error ] [2]DOMDocument::loadHTML(): error parsing attribute name in Entity, line: 2
[ error ] [2]DOMDocument::loadHTML(): error parsing attribute name in Entity, line: 2
[ error ] [2]DOMDocument::loadHTML(): error parsing attribute name in Entity, line: 2
[ error ] [2]DOMDocument::loadHTML(): error parsing attribute name in Entity, line: 2
[ error ] [2]DOMDocument::loadHTML(): error parsing attribute name in Entity, line: 2
[ error ] [2]DOMDocument::loadHTML(): error parsing attribute name in Entity, line: 2
[ error ] [2]DOMDocument::loadHTML(): error parsing attribute name in Entity, line: 2
[ error ] [2]DOMDocument::loadHTML(): error parsing attribute name in Entity, line: 2
[ error ] [2]DOMDocument::loadHTML(): error parsing attribute name in Entity, line: 2
[ error ] [2]DOMDocument::loadHTML(): error parsing attribute name in Entity, line: 2
[ error ] [2]DOMDocument::loadHTML(): error parsing attribute name in Entity, line: 2
[ error ] [2]DOMDocument::loadHTML(): error parsing attribute name in Entity, line: 2
[ error ] [2]DOMDocument::loadHTML(): error parsing attribute name in Entity, line: 2
[ error ] [2]DOMDocument::loadHTML(): error parsing attribute name in Entity, line: 2
---------------------------------------------------------------
[2021-06-10T09:42:31+08:00] 124.200.103.94 GET www.kaoersi.com/cms/admin_asks/edit/id/4194.html
[ error ] [2]DOMDocument::loadHTML(): htmlParseEntityRef: no name in Entity, line: 2
---------------------------------------------------------------
[2021-06-10T09:42:33+08:00] 124.200.103.94 GET www.kaoersi.com/cms/admin_asks/edit/id/4194.html
[ error ] [2]DOMDocument::loadHTML(): htmlParseEntityRef: no name in Entity, line: 2
---------------------------------------------------------------
[2021-06-10T09:42:43+08:00] 124.200.103.94 POST www.kaoersi.com/cms/admin_asks/editpost.html
[ error ] [2]DOMDocument::loadHTML(): htmlParseEntityRef: no name in Entity, line: 2
---------------------------------------------------------------
[2021-06-10T09:43:11+08:00] 124.200.103.94 GET www.kaoersi.com/cms/admin_asks/edit/id/2133.html
[ error ] [2]DOMDocument::loadHTML(): error parsing attribute name in Entity, line: 2
[ error ] [2]DOMDocument::loadHTML(): error parsing attribute name in Entity, line: 2
---------------------------------------------------------------
[2021-06-10T09:43:20+08:00] 124.200.103.94 GET www.kaoersi.com/cms/admin_asks/edit/id/2613.html
[ error ] [2]DOMDocument::loadHTML(): htmlParseEntityRef: no name in Entity, line: 2
---------------------------------------------------------------
[2021-06-10T09:43:23+08:00] 124.200.103.94 GET www.kaoersi.com/cms/admin_asks/edit/id/4066.html
[ error ] [2]DOMDocument::loadHTML(): error parsing attribute name in Entity, line: 2
[ error ] [2]DOMDocument::loadHTML(): error parsing attribute name in Entity, line: 2
[ error ] [2]DOMDocument::loadHTML(): error parsing attribute name in Entity, line: 2
[ error ] [2]DOMDocument::loadHTML(): error parsing attribute name in Entity, line: 2
[ error ] [2]DOMDocument::loadHTML(): error parsing attribute name in Entity, line: 2
[ error ] [2]DOMDocument::loadHTML(): error parsing attribute name in Entity, line: 2
[ error ] [2]DOMDocument::loadHTML(): error parsing attribute name in Entity, line: 2
[ error ] [2]DOMDocument::loadHTML(): error parsing attribute name in Entity, line: 3
[ error ] [2]DOMDocument::loadHTML(): error parsing attribute name in Entity, line: 3
[ error ] [2]DOMDocument::loadHTML(): error parsing attribute name in Entity, line: 3
[ error ] [2]DOMDocument::loadHTML(): error parsing attribute name in Entity, line: 3
[ error ] [2]DOMDocument::loadHTML(): error parsing attribute name in Entity, line: 3
[ error ] [2]DOMDocument::loadHTML(): error parsing attribute name in Entity, line: 3
[ error ] [2]DOMDocument::loadHTML(): error parsing attribute name in Entity, line: 3
[ error ] [2]DOMDocument::loadHTML(): error parsing attribute name in Entity, line: 3
[ error ] [2]DOMDocument::loadHTML(): error parsing attribute name in Entity, line: 3
[ error ] [2]DOMDocument::loadHTML(): error parsing attribute name in Entity, line: 3
[ error ] [2]DOMDocument::loadHTML(): error parsing attribute name in Entity, line: 3
[ error ] [2]DOMDocument::loadHTML(): error parsing attribute name in Entity, line: 3
[ error ] [2]DOMDocument::loadHTML(): error parsing attribute name in Entity, line: 3
[ error ] [2]DOMDocument::loadHTML(): error parsing attribute name in Entity, line: 3
[ error ] [2]DOMDocument::loadHTML(): error parsing attribute name in Entity, line: 3
[ error ] [2]DOMDocument::loadHTML(): error parsing attribute name in Entity, line: 3
[ error ] [2]DOMDocument::loadHTML(): error parsing attribute name in Entity, line: 3
[ error ] [2]DOMDocument::loadHTML(): error parsing attribute name in Entity, line: 3
[ error ] [2]DOMDocument::loadHTML(): error parsing attribute name in Entity, line: 3
[ error ] [2]DOMDocument::loadHTML(): error parsing attribute name in Entity, line: 3
[ error ] [2]DOMDocument::loadHTML(): error parsing attribute name in Entity, line: 3
[ error ] [2]DOMDocument::loadHTML(): error parsing attribute name in Entity, line: 3
[ error ] [2]DOMDocument::loadHTML(): error parsing attribute name in Entity, line: 3
[ error ] [2]DOMDocument::loadHTML(): error parsing attribute name in Entity, line: 3
[ error ] [2]DOMDocument::loadHTML(): error parsing attribute name in Entity, line: 3
[ error ] [2]DOMDocument::loadHTML(): error parsing attribute name in Entity, line: 3
[ error ] [2]DOMDocument::loadHTML(): error parsing attribute name in Entity, line: 3
[ error ] [2]DOMDocument::loadHTML(): error parsing attribute name in Entity, line: 3
---------------------------------------------------------------
[2021-06-10T09:43:56+08:00] 124.200.103.94 GET www.kaoersi.com/cms/admin_asks/edit/id/6637.html
[ error ] [2]DOMDocument::loadHTML(): error parsing attribute name in Entity, line: 2
[ error ] [2]DOMDocument::loadHTML(): error parsing attribute name in Entity, line: 2
[ error ] [2]DOMDocument::loadHTML(): error parsing attribute name in Entity, line: 2
[ error ] [2]DOMDocument::loadHTML(): error parsing attribute name in Entity, line: 2
[ error ] [2]DOMDocument::loadHTML(): error parsing attribute name in Entity, line: 2
[ error ] [2]DOMDocument::loadHTML(): error parsing attribute name in Entity, line: 2
[ error ] [2]DOMDocument::loadHTML(): error parsing attribute name in Entity, line: 2
[ error ] [2]DOMDocument::loadHTML(): error parsing attribute name in Entity, line: 2
[ error ] [2]DOMDocument::loadHTML(): error parsing attribute name in Entity, line: 2
[ error ] [2]DOMDocument::loadHTML(): error parsing attribute name in Entity, line: 2
[ error ] [2]DOMDocument::loadHTML(): error parsing attribute name in Entity, line: 2
[ error ] [2]DOMDocument::loadHTML(): error parsing attribute name in Entity, line: 2
[ error ] [2]DOMDocument::loadHTML(): error parsing attribute name in Entity, line: 2
[ error ] [2]DOMDocument::loadHTML(): error parsing attribute name in Entity, line: 2
[ error ] [2]DOMDocument::loadHTML(): error parsing attribute name in Entity, line: 2
[ error ] [2]DOMDocument::loadHTML(): error parsing attribute name in Entity, line: 2
---------------------------------------------------------------
[2021-06-10T09:44:26+08:00] 124.200.103.94 GET www.kaoersi.com/cms/admin_asks/edit/id/1498.html
[ error ] [2]DOMDocument::loadHTML(): error parsing attribute name in Entity, line: 2
[ error ] [2]DOMDocument::loadHTML(): error parsing attribute name in Entity, line: 2
[ error ] [2]DOMDocument::loadHTML(): error parsing attribute name in Entity, line: 2
[ error ] [2]DOMDocument::loadHTML(): error parsing attribute name in Entity, line: 2
[ error ] [2]DOMDocument::loadHTML(): error parsing attribute name in Entity, line: 2
[ error ] [2]DOMDocument::loadHTML(): error parsing attribute name in Entity, line: 2
[ error ] [2]DOMDocument::loadHTML(): error parsing attribute name in Entity, line: 2
[ error ] [2]DOMDocument::loadHTML(): error parsing attribute name in Entity, line: 2
[ error ] [2]DOMDocument::loadHTML(): error parsing attribute name in Entity, line: 2
[ error ] [2]DOMDocument::loadHTML(): error parsing attribute name in Entity, line: 2
[ error ] [2]DOMDocument::loadHTML(): error parsing attribute name in Entity, line: 2
[ error ] [2]DOMDocument::loadHTML(): error parsing attribute name in Entity, line: 2
[ error ] [2]DOMDocument::loadHTML(): error parsing attribute name in Entity, line: 2
[ error ] [2]DOMDocument::loadHTML(): error parsing attribute name in Entity, line: 2
[ error ] [2]DOMDocument::loadHTML(): error parsing attribute name in Entity, line: 2
[ error ] [2]DOMDocument::loadHTML(): error parsing attribute name in Entity, line: 2
[ error ] [2]DOMDocument::loadHTML(): error parsing attribute name in Entity, line: 2
[ error ] [2]DOMDocument::loadHTML(): htmlParseEntityRef: no name in Entity, line: 2
[ error ] [2]DOMDocument::loadHTML(): error parsing attribute name in Entity, line: 3
[ error ] [2]DOMDocument::loadHTML(): error parsing attribute name in Entity, line: 3
[ error ] [2]DOMDocument::loadHTML(): error parsing attribute name in Entity, line: 3
[ error ] [2]DOMDocument::loadHTML(): error parsing attribute name in Entity, line: 3
[ error ] [2]DOMDocument::loadHTML(): error parsing attribute name in Entity, line: 3
[ error ] [2]DOMDocument::loadHTML(): error parsing attribute name in Entity, line: 3
---------------------------------------------------------------
[2021-06-10T09:45:45+08:00] 124.200.103.94 GET www.kaoersi.com/cms/admin_asks/edit/id/5199.html
[ error ] [2]DOMDocument::loadHTML(): error parsing attribute name in Entity, line: 2
[ error ] [2]DOMDocument::loadHTML(): error parsing attribute name in Entity, line: 2
[ error ] [2]DOMDocument::loadHTML(): error parsing attribute name in Entity, line: 2
[ error ] [2]DOMDocument::loadHTML(): error parsing attribute name in Entity, line: 4
---------------------------------------------------------------
[2021-06-10T09:46:08+08:00] 124.200.103.94 GET www.kaoersi.com/cms/admin_asks/edit/id/4307.html
[ error ] [2]DOMDocument::loadHTML(): error parsing attribute name in Entity, line: 2
[ error ] [2]DOMDocument::loadHTML(): error parsing attribute name in Entity, line: 2
[ error ] [2]DOMDocument::loadHTML(): error parsing attribute name in Entity, line: 2
[ error ] [2]DOMDocument::loadHTML(): error parsing attribute name in Entity, line: 2
[ error ] [2]DOMDocument::loadHTML(): error parsing attribute name in Entity, line: 2
[ error ] [2]DOMDocument::loadHTML(): error parsing attribute name in Entity, line: 2
[ error ] [2]DOMDocument::loadHTML(): error parsing attribute name in Entity, line: 2
[ error ] [2]DOMDocument::loadHTML(): error parsing attribute name in Entity, line: 2
[ error ] [2]DOMDocument::loadHTML(): error parsing attribute name in Entity, line: 2
[ error ] [2]DOMDocument::loadHTML(): error parsing attribute name in Entity, line: 2
[ error ] [2]DOMDocument::loadHTML(): error parsing attribute name in Entity, line: 2
[ error ] [2]DOMDocument::loadHTML(): error parsing attribute name in Entity, line: 2
[ error ] [2]DOMDocument::loadHTML(): error parsing attribute name in Entity, line: 2
[ error ] [2]DOMDocument::loadHTML(): error parsing attribute name in Entity, line: 2
[ error ] [2]DOMDocument::loadHTML(): error parsing attribute name in Entity, line: 2
[ error ] [2]DOMDocument::loadHTML(): error parsing attribute name in Entity, line: 2
[ error ] [2]DOMDocument::loadHTML(): error parsing attribute name in Entity, line: 2
[ error ] [2]DOMDocument::loadHTML(): error parsing attribute name in Entity, line: 2
[ error ] [2]DOMDocument::loadHTML(): error parsing attribute name in Entity, line: 2
[ error ] [2]DOMDocument::loadHTML(): error parsing attribute name in Entity, line: 2
[ error ] [2]DOMDocument::loadHTML(): error parsing attribute name in Entity, line: 2
[ error ] [2]DOMDocument::loadHTML(): error parsing attribute name in Entity, line: 2
[ error ] [2]DOMDocument::loadHTML(): error parsing attribute name in Entity, line: 2
[ error ] [2]DOMDocument::loadHTML(): error parsing attribute name in Entity, line: 2
[ error ] [2]DOMDocument::loadHTML(): error parsing attribute name in Entity, line: 2
[ error ] [2]DOMDocument::loadHTML(): error parsing attribute name in Entity, line: 2
[ error ] [2]DOMDocument::loadHTML(): error parsing attribute name in Entity, line: 2
[ error ] [2]DOMDocument::loadHTML(): error parsing attribute name in Entity, line: 2
[ error ] [2]DOMDocument::loadHTML(): error parsing attribute name in Entity, line: 2
[ error ] [2]DOMDocument::loadHTML(): error parsing attribute name in Entity, line: 2
[ error ] [2]DOMDocument::loadHTML(): error parsing attribute name in Entity, line: 2
[ error ] [2]DOMDocument::loadHTML(): error parsing attribute name in Entity, line: 2
[ error ] [2]DOMDocument::loadHTML(): error parsing attribute name in Entity, line: 2
[ error ] [2]DOMDocument::loadHTML(): error parsing attribute name in Entity, line: 2
[ error ] [2]DOMDocument::loadHTML(): error parsing attribute name in Entity, line: 2
[ error ] [2]DOMDocument::loadHTML(): error parsing attribute name in Entity, line: 2
[ error ] [2]DOMDocument::loadHTML(): error parsing attribute name in Entity, line: 2
[ error ] [2]DOMDocument::loadHTML(): error parsing attribute name in Entity, line: 2
[ error ] [2]DOMDocument::loadHTML(): error parsing attribute name in Entity, line: 2
[ error ] [2]DOMDocument::loadHTML(): error parsing attribute name in Entity, line: 2
[ error ] [2]DOMDocument::loadHTML(): error parsing attribute name in Entity, line: 2
[ error ] [2]DOMDocument::loadHTML(): error parsing attribute name in Entity, line: 2
[ error ] [2]DOMDocument::loadHTML(): error parsing attribute name in Entity, line: 2
[ error ] [2]DOMDocument::loadHTML(): error parsing attribute name in Entity, line: 2
[ error ] [2]DOMDocument::loadHTML(): error parsing attribute name in Entity, line: 2
---------------------------------------------------------------
[2021-06-10T09:46:55+08:00] 124.200.103.94 GET www.kaoersi.com/cms/admin_asks/edit/id/2036.html
[ error ] [2]DOMDocument::loadHTML(): error parsing attribute name in Entity, line: 2
[ error ] [2]DOMDocument::loadHTML(): error parsing attribute name in Entity, line: 2
[ error ] [2]DOMDocument::loadHTML(): error parsing attribute name in Entity, line: 2
[ error ] [2]DOMDocument::loadHTML(): error parsing attribute name in Entity, line: 2
[ error ] [2]DOMDocument::loadHTML(): error parsing attribute name in Entity, line: 2
[ error ] [2]DOMDocument::loadHTML(): error parsing attribute name in Entity, line: 2
[ error ] [2]DOMDocument::loadHTML(): error parsing attribute name in Entity, line: 2
[ error ] [2]DOMDocument::loadHTML(): error parsing attribute name in Entity, line: 2
[ error ] [2]DOMDocument::loadHTML(): error parsing attribute name in Entity, line: 2
[ error ] [2]DOMDocument::loadHTML(): error parsing attribute name in Entity, line: 2
[ error ] [2]DOMDocument::loadHTML(): error parsing attribute name in Entity, line: 2
[ error ] [2]DOMDocument::loadHTML(): error parsing attribute name in Entity, line: 2
[ error ] [2]DOMDocument::loadHTML(): error parsing attribute name in Entity, line: 2
[ error ] [2]DOMDocument::loadHTML(): error parsing attribute name in Entity, line: 2
[ error ] [2]DOMDocument::loadHTML(): error parsing attribute name in Entity, line: 2
[ error ] [2]DOMDocument::loadHTML(): error parsing attribute name in Entity, line: 2
[ error ] [2]DOMDocument::loadHTML(): error parsing attribute name in Entity, line: 2
[ error ] [2]DOMDocument::loadHTML(): error parsing attribute name in Entity, line: 2
[ error ] [2]DOMDocument::loadHTML(): error parsing attribute name in Entity, line: 2
[ error ] [2]DOMDocument::loadHTML(): error parsing attribute name in Entity, line: 2
[ error ] [2]DOMDocument::loadHTML(): error parsing attribute name in Entity, line: 2
[ error ] [2]DOMDocument::loadHTML(): error parsing attribute name in Entity, line: 2
[ error ] [2]DOMDocument::loadHTML(): error parsing attribute name in Entity, line: 2
[ error ] [2]DOMDocument::loadHTML(): error parsing attribute name in Entity, line: 2
[ error ] [2]DOMDocument::loadHTML(): error parsing attribute name in Entity, line: 2
[ error ] [2]DOMDocument::loadHTML(): error parsing attribute name in Entity, line: 2
[ error ] [2]DOMDocument::loadHTML(): error parsing attribute name in Entity, line: 2
[ error ] [2]DOMDocument::loadHTML(): error parsing attribute name in Entity, line: 2
[ error ] [2]DOMDocument::loadHTML(): error parsing attribute name in Entity, line: 2
[ error ] [2]DOMDocument::loadHTML(): error parsing attribute name in Entity, line: 2
[ error ] [2]DOMDocument::loadHTML(): error parsing attribute name in Entity, line: 2
[ error ] [2]DOMDocument::loadHTML(): error parsing attribute name in Entity, line: 2
[ error ] [2]DOMDocument::loadHTML(): error parsing attribute name in Entity, line: 2
[ error ] [2]DOMDocument::loadHTML(): error parsing attribute name in Entity, line: 2
[ error ] [2]DOMDocument::loadHTML(): error parsing attribute name in Entity, line: 2
[ error ] [2]DOMDocument::loadHTML(): error parsing attribute name in Entity, line: 2
[ error ] [2]DOMDocument::loadHTML(): error parsing attribute name in Entity, line: 2
[ error ] [2]DOMDocument::loadHTML(): error parsing attribute name in Entity, line: 2
[ error ] [2]DOMDocument::loadHTML(): error parsing attribute name in Entity, line: 2
[ error ] [2]DOMDocument::loadHTML(): error parsing attribute name in Entity, line: 2
[ error ] [2]DOMDocument::loadHTML(): error parsing attribute name in Entity, line: 2
[ error ] [2]DOMDocument::loadHTML(): error parsing attribute name in Entity, line: 2
[ error ] [2]DOMDocument::loadHTML(): error parsing attribute name in Entity, line: 2
[ error ] [2]DOMDocument::loadHTML(): error parsing attribute name in Entity, line: 2
[ error ] [2]DOMDocument::loadHTML(): error parsing attribute name in Entity, line: 2
[ error ] [2]DOMDocument::loadHTML(): error parsing attribute name in Entity, line: 2
[ error ] [2]DOMDocument::loadHTML(): error parsing attribute name in Entity, line: 2
[ error ] [2]DOMDocument::loadHTML(): error parsing attribute name in Entity, line: 2
[ error ] [2]DOMDocument::loadHTML(): error parsing attribute name in Entity, line: 2
[ error ] [2]DOMDocument::loadHTML(): error parsing attribute name in Entity, line: 2
[ error ] [2]DOMDocument::loadHTML(): error parsing attribute name in Entity, line: 2
[ error ] [2]DOMDocument::loadHTML(): error parsing attribute name in Entity, line: 2
---------------------------------------------------------------
[2021-06-10T09:47:04+08:00] 124.200.103.94 GET www.kaoersi.com/cms/admin_asks/edit/id/2038.html
[ error ] [2]DOMDocument::loadHTML(): error parsing attribute name in Entity, line: 2
[ error ] [2]DOMDocument::loadHTML(): error parsing attribute name in Entity, line: 2
[ error ] [2]DOMDocument::loadHTML(): error parsing attribute name in Entity, line: 2
[ error ] [2]DOMDocument::loadHTML(): error parsing attribute name in Entity, line: 2
[ error ] [2]DOMDocument::loadHTML(): error parsing attribute name in Entity, line: 2
[ error ] [2]DOMDocument::loadHTML(): error parsing attribute name in Entity, line: 2
[ error ] [2]DOMDocument::loadHTML(): error parsing attribute name in Entity, line: 2
[ error ] [2]DOMDocument::loadHTML(): error parsing attribute name in Entity, line: 2
[ error ] [2]DOMDocument::loadHTML(): error parsing attribute name in Entity, line: 2
[ error ] [2]DOMDocument::loadHTML(): error parsing attribute name in Entity, line: 2
[ error ] [2]DOMDocument::loadHTML(): error parsing attribute name in Entity, line: 2
[ error ] [2]DOMDocument::loadHTML(): error parsing attribute name in Entity, line: 2
[ error ] [2]DOMDocument::loadHTML(): error parsing attribute name in Entity, line: 2
[ error ] [2]DOMDocument::loadHTML(): error parsing attribute name in Entity, line: 2
[ error ] [2]DOMDocument::loadHTML(): error parsing attribute name in Entity, line: 2
[ error ] [2]DOMDocument::loadHTML(): error parsing attribute name in Entity, line: 2
[ error ] [2]DOMDocument::loadHTML(): error parsing attribute name in Entity, line: 2
[ error ] [2]DOMDocument::loadHTML(): error parsing attribute name in Entity, line: 2
[ error ] [2]DOMDocument::loadHTML(): error parsing attribute name in Entity, line: 2
---------------------------------------------------------------
[2021-06-10T09:47:18+08:00] 124.200.103.94 GET www.kaoersi.com/cms/admin_asks/edit/id/5087.html
[ error ] [2]DOMDocument::loadHTML(): error parsing attribute name in Entity, line: 2
[ error ] [2]DOMDocument::loadHTML(): error parsing attribute name in Entity, line: 2
[ error ] [2]DOMDocument::loadHTML(): error parsing attribute name in Entity, line: 4
---------------------------------------------------------------
[2021-06-10T09:47:21+08:00] 124.200.103.94 GET www.kaoersi.com/cms/admin_asks/edit/id/6282.html
[ error ] [2]DOMDocument::loadHTML(): error parsing attribute name in Entity, line: 2
[ error ] [2]DOMDocument::loadHTML(): error parsing attribute name in Entity, line: 2
[ error ] [2]DOMDocument::loadHTML(): error parsing attribute name in Entity, line: 2
---------------------------------------------------------------
[2021-06-10T09:47:27+08:00] 124.200.103.94 GET www.kaoersi.com/cms/admin_asks/edit/id/6812.html
[ error ] [2]DOMDocument::loadHTML(): error parsing attribute name in Entity, line: 2
[ error ] [2]DOMDocument::loadHTML(): error parsing attribute name in Entity, line: 2
[ error ] [2]DOMDocument::loadHTML(): error parsing attribute name in Entity, line: 2
[ error ] [2]DOMDocument::loadHTML(): error parsing attribute name in Entity, line: 2
[ error ] [2]DOMDocument::loadHTML(): error parsing attribute name in Entity, line: 2
[ error ] [2]DOMDocument::loadHTML(): error parsing attribute name in Entity, line: 2
[ error ] [2]DOMDocument::loadHTML(): error parsing attribute name in Entity, line: 2
[ error ] [2]DOMDocument::loadHTML(): error parsing attribute name in Entity, line: 2
[ error ] [2]DOMDocument::loadHTML(): error parsing attribute name in Entity, line: 2
[ error ] [2]DOMDocument::loadHTML(): error parsing attribute name in Entity, line: 2
[ error ] [2]DOMDocument::loadHTML(): error parsing attribute name in Entity, line: 2
[ error ] [2]DOMDocument::loadHTML(): error parsing attribute name in Entity, line: 2
[ error ] [2]DOMDocument::loadHTML(): error parsing attribute name in Entity, line: 2
[ error ] [2]DOMDocument::loadHTML(): error parsing attribute name in Entity, line: 2
[ error ] [2]DOMDocument::loadHTML(): error parsing attribute name in Entity, line: 2
[ error ] [2]DOMDocument::loadHTML(): error parsing attribute name in Entity, line: 2
[ error ] [2]DOMDocument::loadHTML(): error parsing attribute name in Entity, line: 2
[ error ] [2]DOMDocument::loadHTML(): error parsing attribute name in Entity, line: 2
[ error ] [2]DOMDocument::loadHTML(): error parsing attribute name in Entity, line: 2
[ error ] [2]DOMDocument::loadHTML(): error parsing attribute name in Entity, line: 2
---------------------------------------------------------------
[2021-06-10T09:47:29+08:00] 124.200.103.94 GET www.kaoersi.com/cms/admin_asks/edit/id/6825.html
[ error ] [2]DOMDocument::loadHTML(): error parsing attribute name in Entity, line: 2
[ error ] [2]DOMDocument::loadHTML(): error parsing attribute name in Entity, line: 3
[ error ] [2]DOMDocument::loadHTML(): error parsing attribute name in Entity, line: 3
[ error ] [2]DOMDocument::loadHTML(): error parsing attribute name in Entity, line: 3
[ error ] [2]DOMDocument::loadHTML(): error parsing attribute name in Entity, line: 3
[ error ] [2]DOMDocument::loadHTML(): error parsing attribute name in Entity, line: 3
[ error ] [2]DOMDocument::loadHTML(): error parsing attribute name in Entity, line: 3
[ error ] [2]DOMDocument::loadHTML(): error parsing attribute name in Entity, line: 3
[ error ] [2]DOMDocument::loadHTML(): error parsing attribute name in Entity, line: 3
[ error ] [2]DOMDocument::loadHTML(): error parsing attribute name in Entity, line: 3
---------------------------------------------------------------
[2021-06-10T09:47:44+08:00] 124.200.103.94 GET www.kaoersi.com/cms/admin_asks/edit/id/6867.html
[ error ] [2]DOMDocument::loadHTML(): error parsing attribute name in Entity, line: 2
[ error ] [2]DOMDocument::loadHTML(): error parsing attribute name in Entity, line: 3
[ error ] [2]DOMDocument::loadHTML(): error parsing attribute name in Entity, line: 3
[ error ] [2]DOMDocument::loadHTML(): error parsing attribute name in Entity, line: 3
[ error ] [2]DOMDocument::loadHTML(): error parsing attribute name in Entity, line: 3
[ error ] [2]DOMDocument::loadHTML(): error parsing attribute name in Entity, line: 3
[ error ] [2]DOMDocument::loadHTML(): error parsing attribute name in Entity, line: 3
[ error ] [2]DOMDocument::loadHTML(): error parsing attribute name in Entity, line: 3
[ error ] [2]DOMDocument::loadHTML(): error parsing attribute name in Entity, line: 3
[ error ] [2]DOMDocument::loadHTML(): error parsing attribute name in Entity, line: 3
[ error ] [2]DOMDocument::loadHTML(): error parsing attribute name in Entity, line: 3
[ error ] [2]DOMDocument::loadHTML(): error parsing attribute name in Entity, line: 3
[ error ] [2]DOMDocument::loadHTML(): error parsing attribute name in Entity, line: 3
[ error ] [2]DOMDocument::loadHTML(): error parsing attribute name in Entity, line: 3
---------------------------------------------------------------
[2021-06-10T09:47:46+08:00] 124.200.103.94 GET www.kaoersi.com/cms/admin_asks/edit/id/7423.html
[ error ] [2]DOMDocument::loadHTML(): error parsing attribute name in Entity, line: 2
[ error ] [2]DOMDocument::loadHTML(): error parsing attribute name in Entity, line: 2
[ error ] [2]DOMDocument::loadHTML(): error parsing attribute name in Entity, line: 2
[ error ] [2]DOMDocument::loadHTML(): error parsing attribute name in Entity, line: 2
[ error ] [2]DOMDocument::loadHTML(): error parsing attribute name in Entity, line: 2
[ error ] [2]DOMDocument::loadHTML(): error parsing attribute name in Entity, line: 2
[ error ] [2]DOMDocument::loadHTML(): error parsing attribute name in Entity, line: 2
[ error ] [2]DOMDocument::loadHTML(): error parsing attribute name in Entity, line: 2
[ error ] [2]DOMDocument::loadHTML(): error parsing attribute name in Entity, line: 2
[ error ] [2]DOMDocument::loadHTML(): error parsing attribute name in Entity, line: 2
[ error ] [2]DOMDocument::loadHTML(): error parsing attribute name in Entity, line: 2
[ error ] [2]DOMDocument::loadHTML(): error parsing attribute name in Entity, line: 2
[ error ] [2]DOMDocument::loadHTML(): error parsing attribute name in Entity, line: 2
[ error ] [2]DOMDocument::loadHTML(): error parsing attribute name in Entity, line: 2
[ error ] [2]DOMDocument::loadHTML(): error parsing attribute name in Entity, line: 2
[ error ] [2]DOMDocument::loadHTML(): error parsing attribute name in Entity, line: 2
[ error ] [2]DOMDocument::loadHTML(): error parsing attribute name in Entity, line: 2
[ error ] [2]DOMDocument::loadHTML(): error parsing attribute name in Entity, line: 2
[ error ] [2]DOMDocument::loadHTML(): error parsing attribute name in Entity, line: 2
[ error ] [2]DOMDocument::loadHTML(): error parsing attribute name in Entity, line: 2
[ error ] [2]DOMDocument::loadHTML(): error parsing attribute name in Entity, line: 2
---------------------------------------------------------------
[2021-06-10T09:48:02+08:00] 124.200.103.94 POST www.kaoersi.com/cms/admin_asks/editpost.html
[ error ] [2]DOMDocument::loadHTML(): htmlParseEntityRef: no name in Entity, line: 2
[ error ] [2]DOMDocument::loadHTML(): htmlParseEntityRef: no name in Entity, line: 6
---------------------------------------------------------------
[2021-06-10T09:48:09+08:00] 124.200.103.94 GET www.kaoersi.com/cms/admin_asks/edit/id/6867.html
[ error ] [2]DOMDocument::loadHTML(): error parsing attribute name in Entity, line: 2
[ error ] [2]DOMDocument::loadHTML(): error parsing attribute name in Entity, line: 3
[ error ] [2]DOMDocument::loadHTML(): error parsing attribute name in Entity, line: 3
[ error ] [2]DOMDocument::loadHTML(): error parsing attribute name in Entity, line: 3
[ error ] [2]DOMDocument::loadHTML(): error parsing attribute name in Entity, line: 3
[ error ] [2]DOMDocument::loadHTML(): error parsing attribute name in Entity, line: 3
[ error ] [2]DOMDocument::loadHTML(): error parsing attribute name in Entity, line: 3
[ error ] [2]DOMDocument::loadHTML(): error parsing attribute name in Entity, line: 3
[ error ] [2]DOMDocument::loadHTML(): error parsing attribute name in Entity, line: 3
[ error ] [2]DOMDocument::loadHTML(): error parsing attribute name in Entity, line: 3
[ error ] [2]DOMDocument::loadHTML(): error parsing attribute name in Entity, line: 3
[ error ] [2]DOMDocument::loadHTML(): error parsing attribute name in Entity, line: 3
[ error ] [2]DOMDocument::loadHTML(): error parsing attribute name in Entity, line: 3
[ error ] [2]DOMDocument::loadHTML(): error parsing attribute name in Entity, line: 3
---------------------------------------------------------------
[2021-06-10T09:48:25+08:00] 124.200.103.94 GET www.kaoersi.com/cms/admin_asks/edit/id/6832.html
[ error ] [2]DOMDocument::loadHTML(): error parsing attribute name in Entity, line: 2
[ error ] [2]DOMDocument::loadHTML(): error parsing attribute name in Entity, line: 3
[ error ] [2]DOMDocument::loadHTML(): error parsing attribute name in Entity, line: 3
[ error ] [2]DOMDocument::loadHTML(): error parsing attribute name in Entity, line: 3
[ error ] [2]DOMDocument::loadHTML(): error parsing attribute name in Entity, line: 3
[ error ] [2]DOMDocument::loadHTML(): error parsing attribute name in Entity, line: 3
[ error ] [2]DOMDocument::loadHTML(): error parsing attribute name in Entity, line: 3
[ error ] [2]DOMDocument::loadHTML(): error parsing attribute name in Entity, line: 3
---------------------------------------------------------------
[2021-06-10T09:48:58+08:00] 124.200.103.94 GET www.kaoersi.com/cms/admin_asks/edit/id/1009.html
[ error ] [2]DOMDocument::loadHTML(): Tag video invalid in Entity, line: 7
[ error ] [2]DOMDocument::loadHTML(): Tag source invalid in Entity, line: 7
---------------------------------------------------------------
[2021-06-10T09:49:08+08:00] 124.200.103.94 GET www.kaoersi.com/cms/admin_asks/edit/id/3431.html
[ error ] [2]DOMDocument::loadHTML(): error parsing attribute name in Entity, line: 2
[ error ] [2]DOMDocument::loadHTML(): error parsing attribute name in Entity, line: 2
[ error ] [2]DOMDocument::loadHTML(): error parsing attribute name in Entity, line: 2
[ error ] [2]DOMDocument::loadHTML(): error parsing attribute name in Entity, line: 2
---------------------------------------------------------------
[2021-06-10T09:51:09+08:00] 124.200.103.94 GET www.kaoersi.com/cms/admin_asks/edit/id/2259.html
[ error ] [2]DOMDocument::loadHTML(): error parsing attribute name in Entity, line: 2
---------------------------------------------------------------
[2021-06-10T09:52:07+08:00] 124.200.103.94 GET www.kaoersi.com/cms/admin_asks/edit/id/4384.html
[ error ] [2]DOMDocument::loadHTML(): error parsing attribute name in Entity, line: 2
---------------------------------------------------------------
[2021-06-10T09:53:44+08:00] 124.200.103.94 GET www.kaoersi.com/cms/admin_asks/edit/id/5618.html
[ error ] [2]DOMDocument::loadHTML(): error parsing attribute name in Entity, line: 2
[ error ] [2]DOMDocument::loadHTML(): error parsing attribute name in Entity, line: 2
[ error ] [2]DOMDocument::loadHTML(): error parsing attribute name in Entity, line: 2
[ error ] [2]DOMDocument::loadHTML(): error parsing attribute name in Entity, line: 2
[ error ] [2]DOMDocument::loadHTML(): error parsing attribute name in Entity, line: 2
[ error ] [2]DOMDocument::loadHTML(): error parsing attribute name in Entity, line: 2
[ error ] [2]DOMDocument::loadHTML(): error parsing attribute name in Entity, line: 2
[ error ] [2]DOMDocument::loadHTML(): error parsing attribute name in Entity, line: 2
[ error ] [2]DOMDocument::loadHTML(): error parsing attribute name in Entity, line: 2
[ error ] [2]DOMDocument::loadHTML(): error parsing attribute name in Entity, line: 2
[ error ] [2]DOMDocument::loadHTML(): error parsing attribute name in Entity, line: 2
[ error ] [2]DOMDocument::loadHTML(): error parsing attribute name in Entity, line: 2
[ error ] [2]DOMDocument::loadHTML(): error parsing attribute name in Entity, line: 2
---------------------------------------------------------------
[2021-06-10T09:53:49+08:00] 124.200.103.94 GET www.kaoersi.com/cms/admin_asks/edit/id/5909.html
[ error ] [2]DOMDocument::loadHTML(): error parsing attribute name in Entity, line: 2
[ error ] [2]DOMDocument::loadHTML(): error parsing attribute name in Entity, line: 2
[ error ] [2]DOMDocument::loadHTML(): error parsing attribute name in Entity, line: 2
[ error ] [2]DOMDocument::loadHTML(): error parsing attribute name in Entity, line: 2
[ error ] [2]DOMDocument::loadHTML(): error parsing attribute name in Entity, line: 2
[ error ] [2]DOMDocument::loadHTML(): error parsing attribute name in Entity, line: 2
---------------------------------------------------------------
[2021-06-10T09:54:18+08:00] 124.200.103.94 GET www.kaoersi.com/cms/admin_asks/edit/id/6590.html
[ error ] [2]DOMDocument::loadHTML(): error parsing attribute name in Entity, line: 2
[ error ] [2]DOMDocument::loadHTML(): error parsing attribute name in Entity, line: 2
[ error ] [2]DOMDocument::loadHTML(): error parsing attribute name in Entity, line: 2
[ error ] [2]DOMDocument::loadHTML(): error parsing attribute name in Entity, line: 2
[ error ] [2]DOMDocument::loadHTML(): error parsing attribute name in Entity, line: 2
[ error ] [2]DOMDocument::loadHTML(): error parsing attribute name in Entity, line: 2
[ error ] [2]DOMDocument::loadHTML(): error parsing attribute name in Entity, line: 2
[ error ] [2]DOMDocument::loadHTML(): error parsing attribute name in Entity, line: 2
[ error ] [2]DOMDocument::loadHTML(): error parsing attribute name in Entity, line: 2
[ error ] [2]DOMDocument::loadHTML(): error parsing attribute name in Entity, line: 3
---------------------------------------------------------------
[2021-06-10T09:54:24+08:00] 124.200.103.94 GET www.kaoersi.com/cms/admin_asks/edit/id/7483.html
[ error ] [2]DOMDocument::loadHTML(): error parsing attribute name in Entity, line: 2
[ error ] [2]DOMDocument::loadHTML(): error parsing attribute name in Entity, line: 2
[ error ] [2]DOMDocument::loadHTML(): error parsing attribute name in Entity, line: 2
[ error ] [2]DOMDocument::loadHTML(): error parsing attribute name in Entity, line: 2
[ error ] [2]DOMDocument::loadHTML(): error parsing attribute name in Entity, line: 2
[ error ] [2]DOMDocument::loadHTML(): error parsing attribute name in Entity, line: 2
[ error ] [2]DOMDocument::loadHTML(): error parsing attribute name in Entity, line: 2
[ error ] [2]DOMDocument::loadHTML(): error parsing attribute name in Entity, line: 2
[ error ] [2]DOMDocument::loadHTML(): error parsing attribute name in Entity, line: 2
[ error ] [2]DOMDocument::loadHTML(): error parsing attribute name in Entity, line: 2
[ error ] [2]DOMDocument::loadHTML(): error parsing attribute name in Entity, line: 2
[ error ] [2]DOMDocument::loadHTML(): error parsing attribute name in Entity, line: 2
[ error ] [2]DOMDocument::loadHTML(): error parsing attribute name in Entity, line: 2
[ error ] [2]DOMDocument::loadHTML(): error parsing attribute name in Entity, line: 2
[ error ] [2]DOMDocument::loadHTML(): error parsing attribute name in Entity, line: 2
[ error ] [2]DOMDocument::loadHTML(): error parsing attribute name in Entity, line: 2
[ error ] [2]DOMDocument::loadHTML(): error parsing attribute name in Entity, line: 2
---------------------------------------------------------------
[2021-06-10T09:55:30+08:00] 124.200.103.94 GET www.kaoersi.com/cms/admin_asks/edit/id/2784.html
[ error ] [2]DOMDocument::loadHTML(): error parsing attribute name in Entity, line: 2
[ error ] [2]DOMDocument::loadHTML(): error parsing attribute name in Entity, line: 2
[ error ] [2]DOMDocument::loadHTML(): error parsing attribute name in Entity, line: 2
[ error ] [2]DOMDocument::loadHTML(): error parsing attribute name in Entity, line: 3
[ error ] [2]DOMDocument::loadHTML(): error parsing attribute name in Entity, line: 3
[ error ] [2]DOMDocument::loadHTML(): error parsing attribute name in Entity, line: 3
[ error ] [2]DOMDocument::loadHTML(): error parsing attribute name in Entity, line: 3
[ error ] [2]DOMDocument::loadHTML(): error parsing attribute name in Entity, line: 3
---------------------------------------------------------------
[2021-06-10T09:56:29+08:00] 42.236.10.116 GET www.kaoersi.com/sitemap/sitemap9.xml
[ error ] [8]未定义数组索引: type
---------------------------------------------------------------
[2021-06-10T09:56:29+08:00] 42.236.10.113 GET www.kaoersi.com/sitemap/sitemap8.xml
[ error ] [8]未定义数组索引: type
---------------------------------------------------------------
[2021-06-10T09:56:29+08:00] 124.200.103.94 GET www.kaoersi.com/cms/admin_asks/edit/id/6590.html
[ error ] [2]DOMDocument::loadHTML(): error parsing attribute name in Entity, line: 2
[ error ] [2]DOMDocument::loadHTML(): error parsing attribute name in Entity, line: 2
[ error ] [2]DOMDocument::loadHTML(): error parsing attribute name in Entity, line: 2
[ error ] [2]DOMDocument::loadHTML(): error parsing attribute name in Entity, line: 2
[ error ] [2]DOMDocument::loadHTML(): error parsing attribute name in Entity, line: 2
[ error ] [2]DOMDocument::loadHTML(): error parsing attribute name in Entity, line: 2
[ error ] [2]DOMDocument::loadHTML(): error parsing attribute name in Entity, line: 2
[ error ] [2]DOMDocument::loadHTML(): error parsing attribute name in Entity, line: 2
[ error ] [2]DOMDocument::loadHTML(): error parsing attribute name in Entity, line: 2
[ error ] [2]DOMDocument::loadHTML(): error parsing attribute name in Entity, line: 3
---------------------------------------------------------------
[2021-06-10T09:56:56+08:00] 124.200.103.94 GET www.kaoersi.com/cms/admin_asks/edit/id/515.html
[ error ] [2]DOMDocument::loadHTML(): error parsing attribute name in Entity, line: 2
[ error ] [2]DOMDocument::loadHTML(): error parsing attribute name in Entity, line: 2
[ error ] [2]DOMDocument::loadHTML(): error parsing attribute name in Entity, line: 2
[ error ] [2]DOMDocument::loadHTML(): error parsing attribute name in Entity, line: 2
[ error ] [2]DOMDocument::loadHTML(): error parsing attribute name in Entity, line: 2
[ error ] [2]DOMDocument::loadHTML(): error parsing attribute name in Entity, line: 2
[ error ] [2]DOMDocument::loadHTML(): error parsing attribute name in Entity, line: 2
[ error ] [2]DOMDocument::loadHTML(): error parsing attribute name in Entity, line: 2
[ error ] [2]DOMDocument::loadHTML(): error parsing attribute name in Entity, line: 3
[ error ] [2]DOMDocument::loadHTML(): error parsing attribute name in Entity, line: 3
[ error ] [2]DOMDocument::loadHTML(): error parsing attribute name in Entity, line: 3
[ error ] [2]DOMDocument::loadHTML(): error parsing attribute name in Entity, line: 3
---------------------------------------------------------------
[2021-06-10T09:57:01+08:00] 182.119.130.137 GET www.kaoersi.com/video.html
[ error ] [2]DOMDocument::loadHTML(): htmlParseEntityRef: no name in Entity, line: 10
[ error ] [2]DOMDocument::loadHTML(): htmlParseEntityRef: no name in Entity, line: 16
[ error ] [2]DOMDocument::loadHTML(): htmlParseEntityRef: no name in Entity, line: 19
---------------------------------------------------------------
[2021-06-10T09:57:11+08:00] 124.200.103.94 GET www.kaoersi.com/video.html
[ error ] [2]DOMDocument::loadHTML(): htmlParseEntityRef: no name in Entity, line: 10
[ error ] [2]DOMDocument::loadHTML(): htmlParseEntityRef: no name in Entity, line: 16
[ error ] [2]DOMDocument::loadHTML(): htmlParseEntityRef: no name in Entity, line: 19
---------------------------------------------------------------
[2021-06-10T09:57:46+08:00] 124.200.103.94 GET www.kaoersi.com/cms/admin_asks/edit/id/1156.html
[ error ] [2]DOMDocument::loadHTML(): error parsing attribute name in Entity, line: 2
[ error ] [2]DOMDocument::loadHTML(): error parsing attribute name in Entity, line: 2
[ error ] [2]DOMDocument::loadHTML(): error parsing attribute name in Entity, line: 2
[ error ] [2]DOMDocument::loadHTML(): error parsing attribute name in Entity, line: 2
[ error ] [2]DOMDocument::loadHTML(): error parsing attribute name in Entity, line: 2
[ error ] [2]DOMDocument::loadHTML(): error parsing attribute name in Entity, line: 2
[ error ] [2]DOMDocument::loadHTML(): error parsing attribute name in Entity, line: 2
[ error ] [2]DOMDocument::loadHTML(): error parsing attribute name in Entity, line: 2
[ error ] [2]DOMDocument::loadHTML(): error parsing attribute name in Entity, line: 2
[ error ] [2]DOMDocument::loadHTML(): error parsing attribute name in Entity, line: 2
[ error ] [2]DOMDocument::loadHTML(): error parsing attribute name in Entity, line: 2
[ error ] [2]DOMDocument::loadHTML(): error parsing attribute name in Entity, line: 2
[ error ] [2]DOMDocument::loadHTML(): error parsing attribute name in Entity, line: 2
[ error ] [2]DOMDocument::loadHTML(): error parsing attribute name in Entity, line: 2
[ error ] [2]DOMDocument::loadHTML(): error parsing attribute name in Entity, line: 2
[ error ] [2]DOMDocument::loadHTML(): error parsing attribute name in Entity, line: 2
---------------------------------------------------------------
[2021-06-10T09:58:02+08:00] 101.89.29.78 GET www.kaoersi.com/video.html
[ error ] [2]DOMDocument::loadHTML(): htmlParseEntityRef: no name in Entity, line: 10
[ error ] [2]DOMDocument::loadHTML(): htmlParseEntityRef: no name in Entity, line: 16
[ error ] [2]DOMDocument::loadHTML(): htmlParseEntityRef: no name in Entity, line: 19
---------------------------------------------------------------
[2021-06-10T09:59:42+08:00] 124.200.103.94 GET www.kaoersi.com/cms/admin_asks/edit/id/2097.html
[ error ] [2]DOMDocument::loadHTML(): error parsing attribute name in Entity, line: 2
[ error ] [2]DOMDocument::loadHTML(): error parsing attribute name in Entity, line: 2
---------------------------------------------------------------
[2021-06-10T10:00:41+08:00] 124.200.103.94 GET www.kaoersi.com/cms/admin_asks/edit/id/4340.html
[ error ] [2]DOMDocument::loadHTML(): error parsing attribute name in Entity, line: 2
[ error ] [2]DOMDocument::loadHTML(): error parsing attribute name in Entity, line: 2
[ error ] [2]DOMDocument::loadHTML(): error parsing attribute name in Entity, line: 2
[ error ] [2]DOMDocument::loadHTML(): error parsing attribute name in Entity, line: 2
[ error ] [2]DOMDocument::loadHTML(): error parsing attribute name in Entity, line: 2
[ error ] [2]DOMDocument::loadHTML(): error parsing attribute name in Entity, line: 2
[ error ] [2]DOMDocument::loadHTML(): error parsing attribute name in Entity, line: 2
[ error ] [2]DOMDocument::loadHTML(): error parsing attribute name in Entity, line: 2
[ error ] [2]DOMDocument::loadHTML(): error parsing attribute name in Entity, line: 2
[ error ] [2]DOMDocument::loadHTML(): error parsing attribute name in Entity, line: 2
[ error ] [2]DOMDocument::loadHTML(): error parsing attribute name in Entity, line: 2
[ error ] [2]DOMDocument::loadHTML(): error parsing attribute name in Entity, line: 2
[ error ] [2]DOMDocument::loadHTML(): error parsing attribute name in Entity, line: 2
[ error ] [2]DOMDocument::loadHTML(): error parsing attribute name in Entity, line: 2
[ error ] [2]DOMDocument::loadHTML(): error parsing attribute name in Entity, line: 2
[ error ] [2]DOMDocument::loadHTML(): error parsing attribute name in Entity, line: 2
[ error ] [2]DOMDocument::loadHTML(): error parsing attribute name in Entity, line: 2
[ error ] [2]DOMDocument::loadHTML(): error parsing attribute name in Entity, line: 2
[ error ] [2]DOMDocument::loadHTML(): error parsing attribute name in Entity, line: 2
[ error ] [2]DOMDocument::loadHTML(): error parsing attribute name in Entity, line: 2
[ error ] [2]DOMDocument::loadHTML(): error parsing attribute name in Entity, line: 2
[ error ] [2]DOMDocument::loadHTML(): error parsing attribute name in Entity, line: 2
[ error ] [2]DOMDocument::loadHTML(): error parsing attribute name in Entity, line: 2
---------------------------------------------------------------
[2021-06-10T10:02:01+08:00] 124.200.103.94 GET www.kaoersi.com/cms/admin_asks/edit/id/5653.html
[ error ] [2]DOMDocument::loadHTML(): error parsing attribute name in Entity, line: 2
[ error ] [2]DOMDocument::loadHTML(): error parsing attribute name in Entity, line: 2
[ error ] [2]DOMDocument::loadHTML(): error parsing attribute name in Entity, line: 2
---------------------------------------------------------------
[2021-06-10T10:02:36+08:00] 124.200.103.94 GET www.kaoersi.com/cms/admin_asks/edit/id/3725.html
[ error ] [2]DOMDocument::loadHTML(): error parsing attribute name in Entity, line: 2
[ error ] [2]DOMDocument::loadHTML(): error parsing attribute name in Entity, line: 2
[ error ] [2]DOMDocument::loadHTML(): error parsing attribute name in Entity, line: 2
[ error ] [2]DOMDocument::loadHTML(): error parsing attribute name in Entity, line: 2
[ error ] [2]DOMDocument::loadHTML(): error parsing attribute name in Entity, line: 2
[ error ] [2]DOMDocument::loadHTML(): error parsing attribute name in Entity, line: 2
[ error ] [2]DOMDocument::loadHTML(): error parsing attribute name in Entity, line: 2
[ error ] [2]DOMDocument::loadHTML(): error parsing attribute name in Entity, line: 2
[ error ] [2]DOMDocument::loadHTML(): error parsing attribute name in Entity, line: 2
[ error ] [2]DOMDocument::loadHTML(): error parsing attribute name in Entity, line: 2
[ error ] [2]DOMDocument::loadHTML(): error parsing attribute name in Entity, line: 2
[ error ] [2]DOMDocument::loadHTML(): error parsing attribute name in Entity, line: 2
[ error ] [2]DOMDocument::loadHTML(): error parsing attribute name in Entity, line: 2
[ error ] [2]DOMDocument::loadHTML(): error parsing attribute name in Entity, line: 2
[ error ] [2]DOMDocument::loadHTML(): error parsing attribute name in Entity, line: 2
[ error ] [2]DOMDocument::loadHTML(): error parsing attribute name in Entity, line: 2
[ error ] [2]DOMDocument::loadHTML(): error parsing attribute name in Entity, line: 2
[ error ] [2]DOMDocument::loadHTML(): error parsing attribute name in Entity, line: 2
[ error ] [2]DOMDocument::loadHTML(): error parsing attribute name in Entity, line: 2
[ error ] [2]DOMDocument::loadHTML(): error parsing attribute name in Entity, line: 2
[ error ] [2]DOMDocument::loadHTML(): error parsing attribute name in Entity, line: 2
[ error ] [2]DOMDocument::loadHTML(): error parsing attribute name in Entity, line: 2
[ error ] [2]DOMDocument::loadHTML(): error parsing attribute name in Entity, line: 2
[ error ] [2]DOMDocument::loadHTML(): error parsing attribute name in Entity, line: 2
[ error ] [2]DOMDocument::loadHTML(): error parsing attribute name in Entity, line: 2
[ error ] [2]DOMDocument::loadHTML(): error parsing attribute name in Entity, line: 2
[ error ] [2]DOMDocument::loadHTML(): error parsing attribute name in Entity, line: 2
[ error ] [2]DOMDocument::loadHTML(): error parsing attribute name in Entity, line: 2
[ error ] [2]DOMDocument::loadHTML(): error parsing attribute name in Entity, line: 2
[ error ] [2]DOMDocument::loadHTML(): error parsing attribute name in Entity, line: 2
[ error ] [2]DOMDocument::loadHTML(): error parsing attribute name in Entity, line: 2
[ error ] [2]DOMDocument::loadHTML(): error parsing attribute name in Entity, line: 2
[ error ] [2]DOMDocument::loadHTML(): error parsing attribute name in Entity, line: 2
[ error ] [2]DOMDocument::loadHTML(): error parsing attribute name in Entity, line: 2
[ error ] [2]DOMDocument::loadHTML(): error parsing attribute name in Entity, line: 2
[ error ] [2]DOMDocument::loadHTML(): error parsing attribute name in Entity, line: 2
---------------------------------------------------------------
[2021-06-10T10:02:40+08:00] 124.200.103.94 GET www.kaoersi.com/cms/admin_asks/edit/id/3725.html
[ error ] [2]DOMDocument::loadHTML(): error parsing attribute name in Entity, line: 2
[ error ] [2]DOMDocument::loadHTML(): error parsing attribute name in Entity, line: 2
[ error ] [2]DOMDocument::loadHTML(): error parsing attribute name in Entity, line: 2
[ error ] [2]DOMDocument::loadHTML(): error parsing attribute name in Entity, line: 2
[ error ] [2]DOMDocument::loadHTML(): error parsing attribute name in Entity, line: 2
[ error ] [2]DOMDocument::loadHTML(): error parsing attribute name in Entity, line: 2
[ error ] [2]DOMDocument::loadHTML(): error parsing attribute name in Entity, line: 2
[ error ] [2]DOMDocument::loadHTML(): error parsing attribute name in Entity, line: 2
[ error ] [2]DOMDocument::loadHTML(): error parsing attribute name in Entity, line: 2
[ error ] [2]DOMDocument::loadHTML(): error parsing attribute name in Entity, line: 2
[ error ] [2]DOMDocument::loadHTML(): error parsing attribute name in Entity, line: 2
[ error ] [2]DOMDocument::loadHTML(): error parsing attribute name in Entity, line: 2
[ error ] [2]DOMDocument::loadHTML(): error parsing attribute name in Entity, line: 2
[ error ] [2]DOMDocument::loadHTML(): error parsing attribute name in Entity, line: 2
[ error ] [2]DOMDocument::loadHTML(): error parsing attribute name in Entity, line: 2
[ error ] [2]DOMDocument::loadHTML(): error parsing attribute name in Entity, line: 2
[ error ] [2]DOMDocument::loadHTML(): error parsing attribute name in Entity, line: 2
[ error ] [2]DOMDocument::loadHTML(): error parsing attribute name in Entity, line: 2
[ error ] [2]DOMDocument::loadHTML(): error parsing attribute name in Entity, line: 2
[ error ] [2]DOMDocument::loadHTML(): error parsing attribute name in Entity, line: 2
[ error ] [2]DOMDocument::loadHTML(): error parsing attribute name in Entity, line: 2
[ error ] [2]DOMDocument::loadHTML(): error parsing attribute name in Entity, line: 2
[ error ] [2]DOMDocument::loadHTML(): error parsing attribute name in Entity, line: 2
[ error ] [2]DOMDocument::loadHTML(): error parsing attribute name in Entity, line: 2
[ error ] [2]DOMDocument::loadHTML(): error parsing attribute name in Entity, line: 2
[ error ] [2]DOMDocument::loadHTML(): error parsing attribute name in Entity, line: 2
[ error ] [2]DOMDocument::loadHTML(): error parsing attribute name in Entity, line: 2
[ error ] [2]DOMDocument::loadHTML(): error parsing attribute name in Entity, line: 2
[ error ] [2]DOMDocument::loadHTML(): error parsing attribute name in Entity, line: 2
[ error ] [2]DOMDocument::loadHTML(): error parsing attribute name in Entity, line: 2
[ error ] [2]DOMDocument::loadHTML(): error parsing attribute name in Entity, line: 2
[ error ] [2]DOMDocument::loadHTML(): error parsing attribute name in Entity, line: 2
[ error ] [2]DOMDocument::loadHTML(): error parsing attribute name in Entity, line: 2
[ error ] [2]DOMDocument::loadHTML(): error parsing attribute name in Entity, line: 2
[ error ] [2]DOMDocument::loadHTML(): error parsing attribute name in Entity, line: 2
[ error ] [2]DOMDocument::loadHTML(): error parsing attribute name in Entity, line: 2
---------------------------------------------------------------
[2021-06-10T10:03:16+08:00] 42.236.10.103 GET www.kaoersi.com/sitemap/sitemap7.xml
[ error ] [8]未定义数组索引: type
---------------------------------------------------------------
[2021-06-10T10:06:11+08:00] 220.181.108.117 GET www.kaoersi.com/video.html
[ error ] [2]DOMDocument::loadHTML(): htmlParseEntityRef: no name in Entity, line: 10
[ error ] [2]DOMDocument::loadHTML(): htmlParseEntityRef: no name in Entity, line: 16
[ error ] [2]DOMDocument::loadHTML(): htmlParseEntityRef: no name in Entity, line: 19
---------------------------------------------------------------
[2021-06-10T10:06:12+08:00] 42.236.10.110 GET www.kaoersi.com/sitemap/sitemap5.xml
[ error ] [8]未定义数组索引: type
---------------------------------------------------------------
[2021-06-10T10:06:12+08:00] 42.236.10.98 GET www.kaoersi.com/sitemap/sitemap4.xml
[ error ] [8]未定义数组索引: type
---------------------------------------------------------------
[2021-06-10T11:46:32+08:00] 124.200.103.94 POST www.kaoersi.com/cms/admin_asks/addpost.html
[ error ] [8]未定义数组下标: 0
---------------------------------------------------------------
[2021-06-10T13:37:28+08:00] 157.55.39.114 GET www.kaoersi.com/sitemap/sitemap.xml
[ error ] [8]未定义数组索引: type
---------------------------------------------------------------
[2021-06-10T14:00:44+08:00] 124.200.103.94 GET www.kaoersi.com/cms/admin_asks/edit/id/8834.html
[ error ] [2]DOMDocument::loadHTML(): error parsing attribute name in Entity, line: 2
[ error ] [2]DOMDocument::loadHTML(): Attribute times redefined in Entity, line: 2
[ error ] [2]DOMDocument::loadHTML(): error parsing attribute name in Entity, line: 2
[ error ] [2]DOMDocument::loadHTML(): error parsing attribute name in Entity, line: 2
[ error ] [2]DOMDocument::loadHTML(): error parsing attribute name in Entity, line: 2
[ error ] [2]DOMDocument::loadHTML(): error parsing attribute name in Entity, line: 2
[ error ] [2]DOMDocument::loadHTML(): error parsing attribute name in Entity, line: 2
---------------------------------------------------------------
[2021-06-10T15:25:49+08:00] 157.55.39.114 GET www.kaoersi.com/sitemap/sitemap.xml
[ error ] [8]未定义数组索引: type
---------------------------------------------------------------
[2021-06-10T16:07:26+08:00] 124.200.103.94 GET www.kaoersi.com/cms/admin_asks/edit/id/8842.html
[ error ] [2]DOMDocument::loadHTML(): error parsing attribute name in Entity, line: 2
[ error ] [2]DOMDocument::loadHTML(): error parsing attribute name in Entity, line: 2
[ error ] [2]DOMDocument::loadHTML(): error parsing attribute name in Entity, line: 2
[ error ] [2]DOMDocument::loadHTML(): error parsing attribute name in Entity, line: 2
[ error ] [2]DOMDocument::loadHTML(): error parsing attribute name in Entity, line: 2
[ error ] [2]DOMDocument::loadHTML(): error parsing attribute name in Entity, line: 2
[ error ] [2]DOMDocument::loadHTML(): error parsing attribute name in Entity, line: 2
[ error ] [2]DOMDocument::loadHTML(): error parsing attribute name in Entity, line: 2
[ error ] [2]DOMDocument::loadHTML(): error parsing attribute name in Entity, line: 2
[ error ] [2]DOMDocument::loadHTML(): error parsing attribute name in Entity, line: 2
[ error ] [2]DOMDocument::loadHTML(): error parsing attribute name in Entity, line: 2
[ error ] [2]DOMDocument::loadHTML(): error parsing attribute name in Entity, line: 2
[ error ] [2]DOMDocument::loadHTML(): error parsing attribute name in Entity, line: 2
[ error ] [2]DOMDocument::loadHTML(): error parsing attribute name in Entity, line: 2
[ error ] [2]DOMDocument::loadHTML(): error parsing attribute name in Entity, line: 2
[ error ] [2]DOMDocument::loadHTML(): error parsing attribute name in Entity, line: 2
[ error ] [2]DOMDocument::loadHTML(): error parsing attribute name in Entity, line: 2
[ error ] [2]DOMDocument::loadHTML(): error parsing attribute name in Entity, line: 2
[ error ] [2]DOMDocument::loadHTML(): error parsing attribute name in Entity, line: 2
[ error ] [2]DOMDocument::loadHTML(): error parsing attribute name in Entity, line: 2
[ error ] [2]DOMDocument::loadHTML(): error parsing attribute name in Entity, line: 2
[ error ] [2]DOMDocument::loadHTML(): error parsing attribute name in Entity, line: 2
[ error ] [2]DOMDocument::loadHTML(): error parsing attribute name in Entity, line: 2
[ error ] [2]DOMDocument::loadHTML(): error parsing attribute name in Entity, line: 2
[ error ] [2]DOMDocument::loadHTML(): error parsing attribute name in Entity, line: 2
[ error ] [2]DOMDocument::loadHTML(): error parsing attribute name in Entity, line: 2
[ error ] [2]DOMDocument::loadHTML(): error parsing attribute name in Entity, line: 2
[ error ] [2]DOMDocument::loadHTML(): error parsing attribute name in Entity, line: 2
[ error ] [2]DOMDocument::loadHTML(): error parsing attribute name in Entity, line: 2
[ error ] [2]DOMDocument::loadHTML(): error parsing attribute name in Entity, line: 2
[ error ] [2]DOMDocument::loadHTML(): error parsing attribute name in Entity, line: 2
[ error ] [2]DOMDocument::loadHTML(): error parsing attribute name in Entity, line: 2
[ error ] [2]DOMDocument::loadHTML(): error parsing attribute name in Entity, line: 2
[ error ] [2]DOMDocument::loadHTML(): error parsing attribute name in Entity, line: 2
[ error ] [2]DOMDocument::loadHTML(): error parsing attribute name in Entity, line: 2
[ error ] [2]DOMDocument::loadHTML(): error parsing attribute name in Entity, line: 2
[ error ] [2]DOMDocument::loadHTML(): error parsing attribute name in Entity, line: 2
[ error ] [2]DOMDocument::loadHTML(): error parsing attribute name in Entity, line: 2
[ error ] [2]DOMDocument::loadHTML(): error parsing attribute name in Entity, line: 2
[ error ] [2]DOMDocument::loadHTML(): error parsing attribute name in Entity, line: 2
[ error ] [2]DOMDocument::loadHTML(): error parsing attribute name in Entity, line: 2
[ error ] [2]DOMDocument::loadHTML(): error parsing attribute name in Entity, line: 2
[ error ] [2]DOMDocument::loadHTML(): error parsing attribute name in Entity, line: 2
[ error ] [2]DOMDocument::loadHTML(): error parsing attribute name in Entity, line: 2
[ error ] [2]DOMDocument::loadHTML(): error parsing attribute name in Entity, line: 2
[ error ] [2]DOMDocument::loadHTML(): error parsing attribute name in Entity, line: 2
[ error ] [2]DOMDocument::loadHTML(): error parsing attribute name in Entity, line: 2
[ error ] [2]DOMDocument::loadHTML(): error parsing attribute name in Entity, line: 2
[ error ] [2]DOMDocument::loadHTML(): error parsing attribute name in Entity, line: 2
[ error ] [2]DOMDocument::loadHTML(): error parsing attribute name in Entity, line: 2
[ error ] [2]DOMDocument::loadHTML(): error parsing attribute name in Entity, line: 2
[ error ] [2]DOMDocument::loadHTML(): error parsing attribute name in Entity, line: 2
[ error ] [2]DOMDocument::loadHTML(): error parsing attribute name in Entity, line: 2
[ error ] [2]DOMDocument::loadHTML(): error parsing attribute name in Entity, line: 2
[ error ] [2]DOMDocument::loadHTML(): error parsing attribute name in Entity, line: 2
[ error ] [2]DOMDocument::loadHTML(): error parsing attribute name in Entity, line: 2
[ error ] [2]DOMDocument::loadHTML(): error parsing attribute name in Entity, line: 2
[ error ] [2]DOMDocument::loadHTML(): error parsing attribute name in Entity, line: 2
[ error ] [2]DOMDocument::loadHTML(): error parsing attribute name in Entity, line: 2
[ error ] [2]DOMDocument::loadHTML(): error parsing attribute name in Entity, line: 2
[ error ] [2]DOMDocument::loadHTML(): error parsing attribute name in Entity, line: 2
[ error ] [2]DOMDocument::loadHTML(): error parsing attribute name in Entity, line: 2
[ error ] [2]DOMDocument::loadHTML(): error parsing attribute name in Entity, line: 2
[ error ] [2]DOMDocument::loadHTML(): error parsing attribute name in Entity, line: 2
[ error ] [2]DOMDocument::loadHTML(): error parsing attribute name in Entity, line: 2
[ error ] [2]DOMDocument::loadHTML(): error parsing attribute name in Entity, line: 2
[ error ] [2]DOMDocument::loadHTML(): error parsing attribute name in Entity, line: 2
[ error ] [2]DOMDocument::loadHTML(): error parsing attribute name in Entity, line: 2
[ error ] [2]DOMDocument::loadHTML(): error parsing attribute name in Entity, line: 2
[ error ] [2]DOMDocument::loadHTML(): error parsing attribute name in Entity, line: 2
[ error ] [2]DOMDocument::loadHTML(): error parsing attribute name in Entity, line: 2
[ error ] [2]DOMDocument::loadHTML(): error parsing attribute name in Entity, line: 2
[ error ] [2]DOMDocument::loadHTML(): error parsing attribute name in Entity, line: 2
[ error ] [2]DOMDocument::loadHTML(): error parsing attribute name in Entity, line: 2
[ error ] [2]DOMDocument::loadHTML(): error parsing attribute name in Entity, line: 2
[ error ] [2]DOMDocument::loadHTML(): error parsing attribute name in Entity, line: 2
---------------------------------------------------------------
[2021-06-10T16:46:08+08:00] 205.215.9.32 GET www.kaoersi.com/video.html
[ error ] [2]DOMDocument::loadHTML(): htmlParseEntityRef: no name in Entity, line: 10
[ error ] [2]DOMDocument::loadHTML(): htmlParseEntityRef: no name in Entity, line: 16
[ error ] [2]DOMDocument::loadHTML(): htmlParseEntityRef: no name in Entity, line: 19
---------------------------------------------------------------
[2021-06-10T17:03:03+08:00] 203.208.60.88 GET www.kaoersi.com/sitemap/sitemap.xml
[ error ] [8]未定义数组索引: type
---------------------------------------------------------------
[2021-06-10T17:39:30+08:00] 124.200.103.94 GET www.kaoersi.com/video.html
[ error ] [2]DOMDocument::loadHTML(): htmlParseEntityRef: no name in Entity, line: 10
[ error ] [2]DOMDocument::loadHTML(): htmlParseEntityRef: no name in Entity, line: 16
[ error ] [2]DOMDocument::loadHTML(): htmlParseEntityRef: no name in Entity, line: 19
---------------------------------------------------------------
[2021-06-10T18:46:15+08:00] 124.200.103.94 GET www.kaoersi.com/cms/admin_lxzk/edit/id/9160.html
[ error ] [2]DOMDocument::loadHTML(): error parsing attribute name in Entity, line: 2
[ error ] [2]DOMDocument::loadHTML(): error parsing attribute name in Entity, line: 2
[ error ] [2]DOMDocument::loadHTML(): error parsing attribute name in Entity, line: 2
[ error ] [2]DOMDocument::loadHTML(): error parsing attribute name in Entity, line: 2
[ error ] [2]DOMDocument::loadHTML(): error parsing attribute name in Entity, line: 2
[ error ] [2]DOMDocument::loadHTML(): error parsing attribute name in Entity, line: 2
[ error ] [2]DOMDocument::loadHTML(): error parsing attribute name in Entity, line: 2
[ error ] [2]DOMDocument::loadHTML(): error parsing attribute name in Entity, line: 2
[ error ] [2]DOMDocument::loadHTML(): error parsing attribute name in Entity, line: 2
[ error ] [2]DOMDocument::loadHTML(): error parsing attribute name in Entity, line: 2
[ error ] [2]DOMDocument::loadHTML(): error parsing attribute name in Entity, line: 2
[ error ] [2]DOMDocument::loadHTML(): error parsing attribute name in Entity, line: 2
[ error ] [2]DOMDocument::loadHTML(): error parsing attribute name in Entity, line: 2
[ error ] [2]DOMDocument::loadHTML(): error parsing attribute name in Entity, line: 2
[ error ] [2]DOMDocument::loadHTML(): error parsing attribute name in Entity, line: 2
[ error ] [2]DOMDocument::loadHTML(): error parsing attribute name in Entity, line: 2
[ error ] [2]DOMDocument::loadHTML(): error parsing attribute name in Entity, line: 2
[ error ] [2]DOMDocument::loadHTML(): error parsing attribute name in Entity, line: 2
[ error ] [2]DOMDocument::loadHTML(): error parsing attribute name in Entity, line: 2
[ error ] [2]DOMDocument::loadHTML(): error parsing attribute name in Entity, line: 2
[ error ] [2]DOMDocument::loadHTML(): error parsing attribute name in Entity, line: 2
[ error ] [2]DOMDocument::loadHTML(): error parsing attribute name in Entity, line: 2
[ error ] [2]DOMDocument::loadHTML(): error parsing attribute name in Entity, line: 2
[ error ] [2]DOMDocument::loadHTML(): error parsing attribute name in Entity, line: 2
[ error ] [2]DOMDocument::loadHTML(): error parsing attribute name in Entity, line: 2
[ error ] [2]DOMDocument::loadHTML(): error parsing attribute name in Entity, line: 2
---------------------------------------------------------------
[2021-06-10T21:04:15+08:00] 110.249.202.221 GET www.kaoersi.com/sitemap/sitemap.xml
[ error ] [8]未定义数组索引: type
---------------------------------------------------------------
[2021-06-10T21:04:15+08:00] 110.249.202.24 GET www.kaoersi.com/sitemap/sitemap.xml
[ error ] [8]未定义数组索引: type
---------------------------------------------------------------
[2021-06-10T21:49:08+08:00] 110.249.202.24 GET www.kaoersi.com/sitemap/sitemap14.xml
[ error ] [8]未定义数组索引: type
---------------------------------------------------------------
[2021-06-10T21:49:08+08:00] 110.249.202.24 GET www.kaoersi.com/sitemap/sitemap7.xml
[ error ] [8]未定义数组索引: type
---------------------------------------------------------------
[2021-06-10T21:49:08+08:00] 110.249.202.26 GET www.kaoersi.com/sitemap/sitemap14.xml
[ error ] [8]未定义数组索引: type
---------------------------------------------------------------
[2021-06-10T21:49:08+08:00] 110.249.202.111 GET www.kaoersi.com/sitemap/sitemap7.xml
[ error ] [8]未定义数组索引: type
---------------------------------------------------------------
[2021-06-10T21:49:10+08:00] 110.249.202.37 GET www.kaoersi.com/sitemap/sitemap12.xml
[ error ] [8]未定义数组索引: type
---------------------------------------------------------------
[2021-06-10T21:49:10+08:00] 110.249.202.27 GET www.kaoersi.com/sitemap/sitemap12.xml
[ error ] [8]未定义数组索引: type
---------------------------------------------------------------
[2021-06-10T22:05:58+08:00] 110.249.202.30 GET www.kaoersi.com/sitemap/sitemap9.xml
[ error ] [8]未定义数组索引: type
---------------------------------------------------------------
[2021-06-10T22:05:59+08:00] 110.249.202.228 GET www.kaoersi.com/sitemap/sitemap9.xml
[ error ] [8]未定义数组索引: type
---------------------------------------------------------------
[2021-06-10T22:11:56+08:00] 110.249.202.74 GET www.kaoersi.com/sitemap/sitemap8.xml
[ error ] [8]未定义数组索引: type
---------------------------------------------------------------
[2021-06-10T22:11:56+08:00] 110.249.202.225 GET www.kaoersi.com/sitemap/sitemap8.xml
[ error ] [8]未定义数组索引: type
---------------------------------------------------------------
[2021-06-10T22:12:39+08:00] 110.249.202.219 GET www.kaoersi.com/sitemap/sitemap13.xml
[ error ] [8]未定义数组索引: type
---------------------------------------------------------------
[2021-06-10T22:12:39+08:00] 110.249.202.24 GET www.kaoersi.com/sitemap/sitemap13.xml
[ error ] [8]未定义数组索引: type
---------------------------------------------------------------
[2021-06-10T22:17:20+08:00] 110.249.202.27 GET www.kaoersi.com/sitemap/sitemap5.xml
[ error ] [8]未定义数组索引: type
---------------------------------------------------------------
[2021-06-10T22:17:20+08:00] 110.249.202.52 GET www.kaoersi.com/sitemap/sitemap5.xml
[ error ] [8]未定义数组索引: type
---------------------------------------------------------------
[2021-06-10T22:18:12+08:00] 110.249.202.100 GET www.kaoersi.com/sitemap/sitemap4.xml
[ error ] [8]未定义数组索引: type
---------------------------------------------------------------
[2021-06-10T22:18:13+08:00] 110.249.202.36 GET www.kaoersi.com/sitemap/sitemap4.xml
[ error ] [8]未定义数组索引: type
---------------------------------------------------------------
[2021-06-10T22:22:59+08:00] 110.249.202.98 GET www.kaoersi.com/sitemap/sitemap2.xml
[ error ] [8]未定义数组索引: type
---------------------------------------------------------------
[2021-06-10T22:23:00+08:00] 110.249.202.236 GET www.kaoersi.com/sitemap/sitemap2.xml
[ error ] [8]未定义数组索引: type
---------------------------------------------------------------
[2021-06-10T23:02:25+08:00] 101.201.35.119 POST www.kaoersi.com/news/2016/gou.php
[ error ] [8]Trying to get property of non-object
