---------------------------------------------------------------
[2021-06-16T01:12:00+08:00] 59.110.52.101 POST www.kaoersi.com/news/2016/gou.php
[ error ] [8]Trying to get property of non-object
---------------------------------------------------------------
[2021-06-16T01:30:45+08:00] 40.77.167.106 GET www.kaoersi.com/sitemap/sitemap7.xml
[ error ] [8]未定义数组索引: type
---------------------------------------------------------------
[2021-06-16T01:37:32+08:00] 54.36.148.137 GET www.kaoersi.com/video.html
[ error ] [2]DOMDocument::loadHTML(): htmlParseEntityRef: no name in Entity, line: 10
[ error ] [2]DOMDocument::loadHTML(): htmlParseEntityRef: no name in Entity, line: 16
[ error ] [2]DOMDocument::loadHTML(): htmlParseEntityRef: no name in Entity, line: 19
---------------------------------------------------------------
[2021-06-16T02:07:31+08:00] 203.208.60.73 GET www.kaoersi.com/video.html
[ error ] [2]DOMDocument::loadHTML(): htmlParseEntityRef: no name in Entity, line: 10
[ error ] [2]DOMDocument::loadHTML(): htmlParseEntityRef: no name in Entity, line: 16
[ error ] [2]DOMDocument::loadHTML(): htmlParseEntityRef: no name in Entity, line: 19
---------------------------------------------------------------
[2021-06-16T05:52:49+08:00] 157.55.39.114 GET www.kaoersi.com/sitemap/sitemap.xml
[ error ] [8]未定义数组索引: type
---------------------------------------------------------------
[2021-06-16T05:57:11+08:00] 203.208.60.3 GET www.kaoersi.com/sitemap/sitemap2.xml
[ error ] [8]未定义数组索引: type
---------------------------------------------------------------
[2021-06-16T07:05:44+08:00] 42.236.10.110 GET www.kaoersi.com/sitemap/sitemap12.xml
[ error ] [8]未定义数组索引: type
---------------------------------------------------------------
[2021-06-16T07:05:45+08:00] 42.236.10.123 GET www.kaoersi.com/sitemap/sitemap14.xml
[ error ] [8]未定义数组索引: type
---------------------------------------------------------------
[2021-06-16T07:05:45+08:00] 42.236.10.107 GET www.kaoersi.com/sitemap/sitemap13.xml
[ error ] [8]未定义数组索引: type
---------------------------------------------------------------
[2021-06-16T08:54:34+08:00] 42.236.10.121 GET www.kaoersi.com/sitemap/sitemap2.xml
[ error ] [8]未定义数组索引: type
---------------------------------------------------------------
[2021-06-16T09:56:02+08:00] 223.80.89.228 GET www.kaoersi.com/video.html
[ error ] [2]DOMDocument::loadHTML(): htmlParseEntityRef: no name in Entity, line: 10
[ error ] [2]DOMDocument::loadHTML(): htmlParseEntityRef: no name in Entity, line: 16
[ error ] [2]DOMDocument::loadHTML(): htmlParseEntityRef: no name in Entity, line: 19
---------------------------------------------------------------
[2021-06-16T10:11:06+08:00] 139.207.73.156 GET www.kaoersi.com/video.html
[ error ] [2]DOMDocument::loadHTML(): htmlParseEntityRef: no name in Entity, line: 10
[ error ] [2]DOMDocument::loadHTML(): htmlParseEntityRef: no name in Entity, line: 16
[ error ] [2]DOMDocument::loadHTML(): htmlParseEntityRef: no name in Entity, line: 19
---------------------------------------------------------------
[2021-06-16T10:11:17+08:00] 124.200.103.94 GET www.kaoersi.com/video.html
[ error ] [2]DOMDocument::loadHTML(): htmlParseEntityRef: no name in Entity, line: 10
[ error ] [2]DOMDocument::loadHTML(): htmlParseEntityRef: no name in Entity, line: 16
[ error ] [2]DOMDocument::loadHTML(): htmlParseEntityRef: no name in Entity, line: 19
---------------------------------------------------------------
[2021-06-16T11:35:51+08:00] 124.200.103.94 GET www.kaoersi.com/cms/admin_asks/edit/id/2645.html
[ error ] [2]DOMDocument::loadHTML(): error parsing attribute name in Entity, line: 2
[ error ] [2]DOMDocument::loadHTML(): error parsing attribute name in Entity, line: 2
[ error ] [2]DOMDocument::loadHTML(): error parsing attribute name in Entity, line: 2
[ error ] [2]DOMDocument::loadHTML(): error parsing attribute name in Entity, line: 2
[ error ] [2]DOMDocument::loadHTML(): error parsing attribute name in Entity, line: 2
[ error ] [2]DOMDocument::loadHTML(): error parsing attribute name in Entity, line: 2
[ error ] [2]DOMDocument::loadHTML(): error parsing attribute name in Entity, line: 2
[ error ] [2]DOMDocument::loadHTML(): error parsing attribute name in Entity, line: 2
[ error ] [2]DOMDocument::loadHTML(): error parsing attribute name in Entity, line: 2
[ error ] [2]DOMDocument::loadHTML(): error parsing attribute name in Entity, line: 2
[ error ] [2]DOMDocument::loadHTML(): error parsing attribute name in Entity, line: 2
[ error ] [2]DOMDocument::loadHTML(): error parsing attribute name in Entity, line: 2
[ error ] [2]DOMDocument::loadHTML(): error parsing attribute name in Entity, line: 2
[ error ] [2]DOMDocument::loadHTML(): error parsing attribute name in Entity, line: 2
[ error ] [2]DOMDocument::loadHTML(): error parsing attribute name in Entity, line: 2
[ error ] [2]DOMDocument::loadHTML(): error parsing attribute name in Entity, line: 2
[ error ] [2]DOMDocument::loadHTML(): error parsing attribute name in Entity, line: 2
[ error ] [2]DOMDocument::loadHTML(): error parsing attribute name in Entity, line: 2
[ error ] [2]DOMDocument::loadHTML(): error parsing attribute name in Entity, line: 2
[ error ] [2]DOMDocument::loadHTML(): error parsing attribute name in Entity, line: 2
[ error ] [2]DOMDocument::loadHTML(): error parsing attribute name in Entity, line: 2
[ error ] [2]DOMDocument::loadHTML(): error parsing attribute name in Entity, line: 2
[ error ] [2]DOMDocument::loadHTML(): error parsing attribute name in Entity, line: 2
[ error ] [2]DOMDocument::loadHTML(): error parsing attribute name in Entity, line: 2
[ error ] [2]DOMDocument::loadHTML(): error parsing attribute name in Entity, line: 2
[ error ] [2]DOMDocument::loadHTML(): error parsing attribute name in Entity, line: 2
[ error ] [2]DOMDocument::loadHTML(): error parsing attribute name in Entity, line: 2
[ error ] [2]DOMDocument::loadHTML(): error parsing attribute name in Entity, line: 2
[ error ] [2]DOMDocument::loadHTML(): error parsing attribute name in Entity, line: 2
[ error ] [2]DOMDocument::loadHTML(): error parsing attribute name in Entity, line: 2
---------------------------------------------------------------
[2021-06-16T11:36:52+08:00] 124.200.103.94 GET www.kaoersi.com/cms/admin_asks/edit/id/8896.html
[ error ] [2]DOMDocument::loadHTML(): error parsing attribute name in Entity, line: 2
[ error ] [2]DOMDocument::loadHTML(): error parsing attribute name in Entity, line: 2
[ error ] [2]DOMDocument::loadHTML(): error parsing attribute name in Entity, line: 2
[ error ] [2]DOMDocument::loadHTML(): error parsing attribute name in Entity, line: 2
[ error ] [2]DOMDocument::loadHTML(): error parsing attribute name in Entity, line: 2
[ error ] [2]DOMDocument::loadHTML(): error parsing attribute name in Entity, line: 2
[ error ] [2]DOMDocument::loadHTML(): Attribute sc redefined in Entity, line: 2
[ error ] [2]DOMDocument::loadHTML(): error parsing attribute name in Entity, line: 2
[ error ] [2]DOMDocument::loadHTML(): error parsing attribute name in Entity, line: 2
[ error ] [2]DOMDocument::loadHTML(): Attribute sans redefined in Entity, line: 2
[ error ] [2]DOMDocument::loadHTML(): Attribute sc redefined in Entity, line: 2
[ error ] [2]DOMDocument::loadHTML(): error parsing attribute name in Entity, line: 2
[ error ] [2]DOMDocument::loadHTML(): error parsing attribute name in Entity, line: 2
[ error ] [2]DOMDocument::loadHTML(): error parsing attribute name in Entity, line: 2
[ error ] [2]DOMDocument::loadHTML(): error parsing attribute name in Entity, line: 2
[ error ] [2]DOMDocument::loadHTML(): error parsing attribute name in Entity, line: 2
[ error ] [2]DOMDocument::loadHTML(): error parsing attribute name in Entity, line: 2
[ error ] [2]DOMDocument::loadHTML(): error parsing attribute name in Entity, line: 2
[ error ] [2]DOMDocument::loadHTML(): error parsing attribute name in Entity, line: 2
---------------------------------------------------------------
[2021-06-16T11:37:03+08:00] 124.200.103.94 GET www.kaoersi.com/cms/admin_asks/edit/id/8891.html
[ error ] [2]DOMDocument::loadHTML(): error parsing attribute name in Entity, line: 2
[ error ] [2]DOMDocument::loadHTML(): error parsing attribute name in Entity, line: 2
[ error ] [2]DOMDocument::loadHTML(): error parsing attribute name in Entity, line: 2
[ error ] [2]DOMDocument::loadHTML(): error parsing attribute name in Entity, line: 2
[ error ] [2]DOMDocument::loadHTML(): error parsing attribute name in Entity, line: 2
[ error ] [2]DOMDocument::loadHTML(): error parsing attribute name in Entity, line: 2
[ error ] [2]DOMDocument::loadHTML(): Attribute sc redefined in Entity, line: 2
[ error ] [2]DOMDocument::loadHTML(): error parsing attribute name in Entity, line: 2
[ error ] [2]DOMDocument::loadHTML(): error parsing attribute name in Entity, line: 2
[ error ] [2]DOMDocument::loadHTML(): Attribute sans redefined in Entity, line: 2
[ error ] [2]DOMDocument::loadHTML(): Attribute sc redefined in Entity, line: 2
[ error ] [2]DOMDocument::loadHTML(): error parsing attribute name in Entity, line: 2
[ error ] [2]DOMDocument::loadHTML(): error parsing attribute name in Entity, line: 2
[ error ] [2]DOMDocument::loadHTML(): error parsing attribute name in Entity, line: 2
[ error ] [2]DOMDocument::loadHTML(): error parsing attribute name in Entity, line: 2
[ error ] [2]DOMDocument::loadHTML(): error parsing attribute name in Entity, line: 2
[ error ] [2]DOMDocument::loadHTML(): error parsing attribute name in Entity, line: 2
[ error ] [2]DOMDocument::loadHTML(): error parsing attribute name in Entity, line: 2
[ error ] [2]DOMDocument::loadHTML(): error parsing attribute name in Entity, line: 2
[ error ] [2]DOMDocument::loadHTML(): error parsing attribute name in Entity, line: 2
[ error ] [2]DOMDocument::loadHTML(): error parsing attribute name in Entity, line: 2
[ error ] [2]DOMDocument::loadHTML(): error parsing attribute name in Entity, line: 2
[ error ] [2]DOMDocument::loadHTML(): error parsing attribute name in Entity, line: 2
[ error ] [2]DOMDocument::loadHTML(): error parsing attribute name in Entity, line: 2
[ error ] [2]DOMDocument::loadHTML(): Attribute sc redefined in Entity, line: 2
[ error ] [2]DOMDocument::loadHTML(): error parsing attribute name in Entity, line: 2
[ error ] [2]DOMDocument::loadHTML(): error parsing attribute name in Entity, line: 2
[ error ] [2]DOMDocument::loadHTML(): Attribute sans redefined in Entity, line: 2
[ error ] [2]DOMDocument::loadHTML(): Attribute sc redefined in Entity, line: 2
[ error ] [2]DOMDocument::loadHTML(): error parsing attribute name in Entity, line: 2
[ error ] [2]DOMDocument::loadHTML(): error parsing attribute name in Entity, line: 2
[ error ] [2]DOMDocument::loadHTML(): error parsing attribute name in Entity, line: 2
[ error ] [2]DOMDocument::loadHTML(): error parsing attribute name in Entity, line: 2
[ error ] [2]DOMDocument::loadHTML(): error parsing attribute name in Entity, line: 2
[ error ] [2]DOMDocument::loadHTML(): error parsing attribute name in Entity, line: 2
[ error ] [2]DOMDocument::loadHTML(): error parsing attribute name in Entity, line: 2
[ error ] [2]DOMDocument::loadHTML(): error parsing attribute name in Entity, line: 2
[ error ] [2]DOMDocument::loadHTML(): error parsing attribute name in Entity, line: 2
[ error ] [2]DOMDocument::loadHTML(): error parsing attribute name in Entity, line: 2
[ error ] [2]DOMDocument::loadHTML(): error parsing attribute name in Entity, line: 2
[ error ] [2]DOMDocument::loadHTML(): error parsing attribute name in Entity, line: 2
[ error ] [2]DOMDocument::loadHTML(): error parsing attribute name in Entity, line: 2
[ error ] [2]DOMDocument::loadHTML(): Attribute sc redefined in Entity, line: 2
[ error ] [2]DOMDocument::loadHTML(): error parsing attribute name in Entity, line: 2
[ error ] [2]DOMDocument::loadHTML(): error parsing attribute name in Entity, line: 2
[ error ] [2]DOMDocument::loadHTML(): Attribute sans redefined in Entity, line: 2
[ error ] [2]DOMDocument::loadHTML(): Attribute sc redefined in Entity, line: 2
[ error ] [2]DOMDocument::loadHTML(): error parsing attribute name in Entity, line: 2
[ error ] [2]DOMDocument::loadHTML(): error parsing attribute name in Entity, line: 2
[ error ] [2]DOMDocument::loadHTML(): error parsing attribute name in Entity, line: 2
[ error ] [2]DOMDocument::loadHTML(): error parsing attribute name in Entity, line: 2
[ error ] [2]DOMDocument::loadHTML(): error parsing attribute name in Entity, line: 2
[ error ] [2]DOMDocument::loadHTML(): error parsing attribute name in Entity, line: 2
[ error ] [2]DOMDocument::loadHTML(): error parsing attribute name in Entity, line: 2
[ error ] [2]DOMDocument::loadHTML(): error parsing attribute name in Entity, line: 2
[ error ] [2]DOMDocument::loadHTML(): error parsing attribute name in Entity, line: 2
[ error ] [2]DOMDocument::loadHTML(): error parsing attribute name in Entity, line: 2
[ error ] [2]DOMDocument::loadHTML(): error parsing attribute name in Entity, line: 2
[ error ] [2]DOMDocument::loadHTML(): error parsing attribute name in Entity, line: 2
[ error ] [2]DOMDocument::loadHTML(): error parsing attribute name in Entity, line: 2
[ error ] [2]DOMDocument::loadHTML(): Attribute sc redefined in Entity, line: 2
[ error ] [2]DOMDocument::loadHTML(): error parsing attribute name in Entity, line: 2
[ error ] [2]DOMDocument::loadHTML(): error parsing attribute name in Entity, line: 2
[ error ] [2]DOMDocument::loadHTML(): Attribute sans redefined in Entity, line: 2
[ error ] [2]DOMDocument::loadHTML(): Attribute sc redefined in Entity, line: 2
[ error ] [2]DOMDocument::loadHTML(): error parsing attribute name in Entity, line: 2
[ error ] [2]DOMDocument::loadHTML(): error parsing attribute name in Entity, line: 2
[ error ] [2]DOMDocument::loadHTML(): error parsing attribute name in Entity, line: 2
[ error ] [2]DOMDocument::loadHTML(): error parsing attribute name in Entity, line: 2
[ error ] [2]DOMDocument::loadHTML(): error parsing attribute name in Entity, line: 2
[ error ] [2]DOMDocument::loadHTML(): error parsing attribute name in Entity, line: 2
[ error ] [2]DOMDocument::loadHTML(): error parsing attribute name in Entity, line: 2
---------------------------------------------------------------
[2021-06-16T11:48:55+08:00] 116.179.32.30 GET www.kaoersi.com/video.html
[ error ] [2]DOMDocument::loadHTML(): htmlParseEntityRef: no name in Entity, line: 10
[ error ] [2]DOMDocument::loadHTML(): htmlParseEntityRef: no name in Entity, line: 16
[ error ] [2]DOMDocument::loadHTML(): htmlParseEntityRef: no name in Entity, line: 19
---------------------------------------------------------------
[2021-06-16T11:50:38+08:00] 124.200.103.94 GET www.kaoersi.com/cms/admin_asks/edit/id/2552.html
[ error ] [2]DOMDocument::loadHTML(): error parsing attribute name in Entity, line: 2
[ error ] [2]DOMDocument::loadHTML(): error parsing attribute name in Entity, line: 2
[ error ] [2]DOMDocument::loadHTML(): error parsing attribute name in Entity, line: 3
---------------------------------------------------------------
[2021-06-16T12:46:07+08:00] 42.236.10.88 GET www.kaoersi.com/sitemap/sitemap9.xml
[ error ] [8]未定义数组索引: type
---------------------------------------------------------------
[2021-06-16T12:46:07+08:00] 42.236.10.74 GET www.kaoersi.com/sitemap/sitemap8.xml
[ error ] [8]未定义数组索引: type
---------------------------------------------------------------
[2021-06-16T12:53:08+08:00] 42.236.10.89 GET www.kaoersi.com/sitemap/sitemap7.xml
[ error ] [8]未定义数组索引: type
---------------------------------------------------------------
[2021-06-16T12:55:06+08:00] 42.236.10.104 GET www.kaoersi.com/sitemap/sitemap5.xml
[ error ] [8]未定义数组索引: type
---------------------------------------------------------------
[2021-06-16T12:55:06+08:00] 42.236.10.112 GET www.kaoersi.com/sitemap/sitemap4.xml
[ error ] [8]未定义数组索引: type
---------------------------------------------------------------
[2021-06-16T13:57:33+08:00] 123.235.108.99 GET www.kaoersi.com/video.html
[ error ] [2]DOMDocument::loadHTML(): htmlParseEntityRef: no name in Entity, line: 10
[ error ] [2]DOMDocument::loadHTML(): htmlParseEntityRef: no name in Entity, line: 16
[ error ] [2]DOMDocument::loadHTML(): htmlParseEntityRef: no name in Entity, line: 19
---------------------------------------------------------------
[2021-06-16T13:57:47+08:00] 124.200.103.94 GET www.kaoersi.com/video.html
[ error ] [2]DOMDocument::loadHTML(): htmlParseEntityRef: no name in Entity, line: 10
[ error ] [2]DOMDocument::loadHTML(): htmlParseEntityRef: no name in Entity, line: 16
[ error ] [2]DOMDocument::loadHTML(): htmlParseEntityRef: no name in Entity, line: 19
---------------------------------------------------------------
[2021-06-16T13:59:20+08:00] 124.200.103.94 GET www.kaoersi.com/video.html
[ error ] [2]DOMDocument::loadHTML(): htmlParseEntityRef: no name in Entity, line: 10
[ error ] [2]DOMDocument::loadHTML(): htmlParseEntityRef: no name in Entity, line: 16
[ error ] [2]DOMDocument::loadHTML(): htmlParseEntityRef: no name in Entity, line: 19
---------------------------------------------------------------
[2021-06-16T14:28:31+08:00] 124.200.103.94 GET www.kaoersi.com/video.html
[ error ] [2]DOMDocument::loadHTML(): htmlParseEntityRef: no name in Entity, line: 10
[ error ] [2]DOMDocument::loadHTML(): htmlParseEntityRef: no name in Entity, line: 16
[ error ] [2]DOMDocument::loadHTML(): htmlParseEntityRef: no name in Entity, line: 19
---------------------------------------------------------------
[2021-06-16T15:17:41+08:00] 120.4.188.239 GET www.kaoersi.com/video.html
[ error ] [2]DOMDocument::loadHTML(): htmlParseEntityRef: no name in Entity, line: 10
[ error ] [2]DOMDocument::loadHTML(): htmlParseEntityRef: no name in Entity, line: 16
[ error ] [2]DOMDocument::loadHTML(): htmlParseEntityRef: no name in Entity, line: 19
---------------------------------------------------------------
[2021-06-16T16:15:36+08:00] 36.106.37.144 GET www.kaoersi.com/video.html
[ error ] [2]DOMDocument::loadHTML(): htmlParseEntityRef: no name in Entity, line: 10
[ error ] [2]DOMDocument::loadHTML(): htmlParseEntityRef: no name in Entity, line: 16
[ error ] [2]DOMDocument::loadHTML(): htmlParseEntityRef: no name in Entity, line: 19
---------------------------------------------------------------
[2021-06-16T16:15:41+08:00] 49.4.43.24 GET www.kaoersi.com/video.html
[ error ] [2]DOMDocument::loadHTML(): htmlParseEntityRef: no name in Entity, line: 10
[ error ] [2]DOMDocument::loadHTML(): htmlParseEntityRef: no name in Entity, line: 16
[ error ] [2]DOMDocument::loadHTML(): htmlParseEntityRef: no name in Entity, line: 19
---------------------------------------------------------------
[2021-06-16T16:15:46+08:00] 49.4.43.24 GET www.kaoersi.com/video.html
[ error ] [2]DOMDocument::loadHTML(): htmlParseEntityRef: no name in Entity, line: 10
[ error ] [2]DOMDocument::loadHTML(): htmlParseEntityRef: no name in Entity, line: 16
[ error ] [2]DOMDocument::loadHTML(): htmlParseEntityRef: no name in Entity, line: 19
---------------------------------------------------------------
[2021-06-16T17:16:15+08:00] 124.200.103.94 GET www.kaoersi.com/video.html
[ error ] [2]DOMDocument::loadHTML(): htmlParseEntityRef: no name in Entity, line: 10
[ error ] [2]DOMDocument::loadHTML(): htmlParseEntityRef: no name in Entity, line: 16
[ error ] [2]DOMDocument::loadHTML(): htmlParseEntityRef: no name in Entity, line: 19
---------------------------------------------------------------
[2021-06-16T18:06:11+08:00] 40.77.167.106 GET www.kaoersi.com/sitemap/sitemap7.xml
[ error ] [8]未定义数组索引: type
---------------------------------------------------------------
[2021-06-16T19:33:07+08:00] 59.110.52.101 POST www.kaoersi.com/news/2016/gou.php
[ error ] [8]Trying to get property of non-object
---------------------------------------------------------------
[2021-06-16T19:39:39+08:00] 124.200.103.94 GET www.kaoersi.com/cms/admin_asks/edit/id/8904.html
[ error ] [2]DOMDocument::loadHTML(): htmlParseEntityRef: expecting ';' in Entity, line: 2
---------------------------------------------------------------
[2021-06-16T19:39:46+08:00] 124.200.103.94 POST www.kaoersi.com/cms/admin_asks/editpost.html
[ error ] [2]DOMDocument::loadHTML(): htmlParseEntityRef: expecting ';' in Entity, line: 2
---------------------------------------------------------------
[2021-06-16T19:43:38+08:00] 124.200.103.94 POST www.kaoersi.com/cms/admin_asks/editpost.html
[ error ] [2]DOMDocument::loadHTML(): htmlParseEntityRef: expecting ';' in Entity, line: 2
---------------------------------------------------------------
[2021-06-16T19:45:45+08:00] 124.200.103.94 POST www.kaoersi.com/cms/admin_asks/editpost.html
[ error ] [2]DOMDocument::loadHTML(): htmlParseEntityRef: expecting ';' in Entity, line: 2
---------------------------------------------------------------
[2021-06-16T19:47:31+08:00] 124.200.103.94 GET www.kaoersi.com/cms/admin_asks/edit/id/8908.html
[ error ] [2]DOMDocument::loadHTML(): htmlParseEntityRef: no name in Entity, line: 2
---------------------------------------------------------------
[2021-06-16T19:53:55+08:00] 125.107.70.73 GET www.kaoersi.com/video.html
[ error ] [2]DOMDocument::loadHTML(): htmlParseEntityRef: no name in Entity, line: 10
[ error ] [2]DOMDocument::loadHTML(): htmlParseEntityRef: no name in Entity, line: 16
[ error ] [2]DOMDocument::loadHTML(): htmlParseEntityRef: no name in Entity, line: 19
---------------------------------------------------------------
[2021-06-16T21:15:22+08:00] 123.235.235.13 GET www.kaoersi.com/video.html
[ error ] [2]DOMDocument::loadHTML(): htmlParseEntityRef: no name in Entity, line: 10
[ error ] [2]DOMDocument::loadHTML(): htmlParseEntityRef: no name in Entity, line: 16
[ error ] [2]DOMDocument::loadHTML(): htmlParseEntityRef: no name in Entity, line: 19
---------------------------------------------------------------
[2021-06-16T21:16:56+08:00] 110.249.202.30 GET www.kaoersi.com/sitemap/sitemap.xml
[ error ] [8]未定义数组索引: type
---------------------------------------------------------------
[2021-06-16T21:16:56+08:00] 110.249.202.218 GET www.kaoersi.com/sitemap/sitemap.xml
[ error ] [8]未定义数组索引: type
---------------------------------------------------------------
[2021-06-16T21:25:04+08:00] 17.121.112.207 GET www.kaoersi.com/video.html
[ error ] [2]DOMDocument::loadHTML(): htmlParseEntityRef: no name in Entity, line: 10
[ error ] [2]DOMDocument::loadHTML(): htmlParseEntityRef: no name in Entity, line: 16
[ error ] [2]DOMDocument::loadHTML(): htmlParseEntityRef: no name in Entity, line: 19
---------------------------------------------------------------
[2021-06-16T21:27:35+08:00] 17.121.114.174 GET www.kaoersi.com/video.html
[ error ] [2]DOMDocument::loadHTML(): htmlParseEntityRef: no name in Entity, line: 10
[ error ] [2]DOMDocument::loadHTML(): htmlParseEntityRef: no name in Entity, line: 16
[ error ] [2]DOMDocument::loadHTML(): htmlParseEntityRef: no name in Entity, line: 19
---------------------------------------------------------------
[2021-06-16T22:06:26+08:00] 110.249.202.78 GET www.kaoersi.com/sitemap/sitemap7.xml
[ error ] [8]未定义数组索引: type
---------------------------------------------------------------
[2021-06-16T22:06:26+08:00] 110.249.202.40 GET www.kaoersi.com/sitemap/sitemap14.xml
[ error ] [8]未定义数组索引: type
---------------------------------------------------------------
[2021-06-16T22:06:26+08:00] 110.249.202.41 GET www.kaoersi.com/sitemap/sitemap14.xml
[ error ] [8]未定义数组索引: type
---------------------------------------------------------------
[2021-06-16T22:06:26+08:00] 110.249.202.238 GET www.kaoersi.com/sitemap/sitemap7.xml
[ error ] [8]未定义数组索引: type
---------------------------------------------------------------
[2021-06-16T22:06:26+08:00] 110.249.202.238 GET www.kaoersi.com/sitemap/sitemap12.xml
[ error ] [8]未定义数组索引: type
---------------------------------------------------------------
[2021-06-16T22:06:26+08:00] 110.249.202.41 GET www.kaoersi.com/sitemap/sitemap12.xml
[ error ] [8]未定义数组索引: type
---------------------------------------------------------------
[2021-06-16T22:23:38+08:00] 110.249.202.93 GET www.kaoersi.com/sitemap/sitemap9.xml
[ error ] [8]未定义数组索引: type
---------------------------------------------------------------
[2021-06-16T22:23:38+08:00] 110.249.202.237 GET www.kaoersi.com/sitemap/sitemap9.xml
[ error ] [8]未定义数组索引: type
---------------------------------------------------------------
[2021-06-16T22:34:58+08:00] 110.249.202.48 GET www.kaoersi.com/sitemap/sitemap13.xml
[ error ] [8]未定义数组索引: type
---------------------------------------------------------------
[2021-06-16T22:34:58+08:00] 110.249.202.210 GET www.kaoersi.com/sitemap/sitemap13.xml
[ error ] [8]未定义数组索引: type
---------------------------------------------------------------
[2021-06-16T22:35:17+08:00] 110.249.202.224 GET www.kaoersi.com/sitemap/sitemap8.xml
[ error ] [8]未定义数组索引: type
---------------------------------------------------------------
[2021-06-16T22:35:18+08:00] 110.249.202.111 GET www.kaoersi.com/sitemap/sitemap8.xml
[ error ] [8]未定义数组索引: type
---------------------------------------------------------------
[2021-06-16T22:40:13+08:00] 110.249.202.22 GET www.kaoersi.com/sitemap/sitemap4.xml
[ error ] [8]未定义数组索引: type
---------------------------------------------------------------
[2021-06-16T22:40:13+08:00] 110.249.202.103 GET www.kaoersi.com/sitemap/sitemap4.xml
[ error ] [8]未定义数组索引: type
---------------------------------------------------------------
[2021-06-16T22:40:43+08:00] 110.249.202.23 GET www.kaoersi.com/sitemap/sitemap5.xml
[ error ] [8]未定义数组索引: type
---------------------------------------------------------------
[2021-06-16T22:40:43+08:00] 110.249.202.234 GET www.kaoersi.com/sitemap/sitemap5.xml
[ error ] [8]未定义数组索引: type
---------------------------------------------------------------
[2021-06-16T22:46:05+08:00] 110.249.202.91 GET www.kaoersi.com/sitemap/sitemap2.xml
[ error ] [8]未定义数组索引: type
---------------------------------------------------------------
[2021-06-16T22:46:05+08:00] 110.249.202.115 GET www.kaoersi.com/sitemap/sitemap2.xml
[ error ] [8]未定义数组索引: type
